#
# A fatal error has been detected by the Java Runtime Environment:
#
#  Internal Error (jvmciRuntime.cpp:1609), pid=27, tid=41
#  fatal error: Fatal exception in JVMCI: Error calling jdk.vm.ci.services.Services.serializeSavedProperties
#
# JRE version: OpenJDK Runtime Environment GraalVM CE 22.3.0 (17.0.5+8) (build 17.0.5+8-jvmci-22.3-b08)
# Java VM: OpenJDK 64-Bit Server VM GraalVM CE 22.3.0 (17.0.5+8-jvmci-22.3-b08, mixed mode, sharing, tiered, jvmci, jvmci compiler, compressed oops, compressed class ptrs, parallel gc, linux-amd64)
# Problematic frame:
# V  [libjvm.so+0x972714]  JVMCIRuntime::fatal_exception(JVMCIEnv*, char const*)+0x74
#
# Core dump will be written. Default location: Core dumps may be processed with "/usr/share/apport/apport -p%p -s%s -c%c -d%d -P%P -u%u -g%g -- %E" (or dumping to /home/runner/RelatorioMedico-1/core.27)
#
# If you would like to submit a bug report, please visit:
#   https://github.com/oracle/graal/issues
#

---------------  S U M M A R Y ------------

Command Line: -XX:ThreadPriorityPolicy=1 -XX:+UnlockExperimentalVMOptions -XX:+EnableJVMCIProduct -XX:JVMCIThreadsPerNativeLibraryRuntime=1 -XX:-UnlockExperimentalVMOptions -Declipse.application=org.eclipse.jdt.ls.core.id1 -Dosgi.bundles.defaultStartLevel=4 -Declipse.product=org.eclipse.jdt.ls.core.product -Dlog.level=ALL -Xverify:none -XX:+UseParallelGC -XX:GCTimeRatio=4 -XX:AdaptiveSizePolicyWeight=90 -Dsun.zip.disableMemoryMapping=true -Xmx512m -Xms100m /nix/store/m6gcpi1ii6rghy04cjwjddcavv7i90df-jdt-language-server-1.9.0/share/java/plugins/org.eclipse.equinox.launcher_1.6.400.v20210924-0641.jar --add-modules=ALL-SYSTEM --add-opens java.base/java.util=ALL-UNNAMED --add-opens java.base/java.lang=ALL-UNNAMED -configuration /home/runner/.cache/jdt-language-server/config -data /home/runner/.cache/jdt-language-server/data/home/runner/RelatorioMedico-1

Host: AMD EPYC 7B12, 8 cores, 1G, Ubuntu 20.04.2 LTS
Time: Mon Jan  9 15:25:14 2023 UTC elapsed time: 925.866358 seconds (0d 0h 15m 25s)

---------------  T H R E A D  ---------------

Current thread (0x00007f2a780b21e0):  JavaThread "JVMCI-native CompilerThread0" daemon [_thread_in_vm, id=41, stack(0x00007f2a5c918000,0x00007f2a5cb18000)]


Current CompileTask:
JVMCI-native: 925869 7258       4       java.util.HashMap::put (13 bytes)

Stack: [0x00007f2a5c918000,0x00007f2a5cb18000],  sp=0x00007f2a5cb16380,  free space=2040k
Native frames: (J=compiled Java code, j=interpreted, Vv=VM code, C=native code)
V  [libjvm.so+0x972714]  JVMCIRuntime::fatal_exception(JVMCIEnv*, char const*)+0x74
V  [libjvm.so+0x93e2fe]  JVMCIEnv::copy_saved_properties()+0x14e
V  [libjvm.so+0x9732a9]  JVMCIRuntime::initialize(JVMCIEnv*)+0xb19
V  [libjvm.so+0x9738a2]  JVMCIRuntime::get_HotSpotJVMCIRuntime(JVMCIEnv*)+0x12
V  [libjvm.so+0x9749f2]  JVMCIRuntime::compile_method(JVMCIEnv*, JVMCICompiler*, methodHandle const&, int)+0xd2
V  [libjvm.so+0x5b0d20]  CompileBroker::invoke_compiler_on_method(CompileTask*)+0x1470
V  [libjvm.so+0x5b12e8]  CompileBroker::compiler_thread_loop()+0x528
V  [libjvm.so+0xd82460]  JavaThread::thread_main_inner()+0xd0
V  [libjvm.so+0xd85a40]  Thread::call_run()+0xc0
V  [libjvm.so+0xbdb1e1]  thread_native_entry(Thread*)+0xe1

Register to memory mapping:

RAX=0x00007f2a7c54a000 points into unknown readable memory: 0x0000000000000058 | 58 00 00 00 00 00 00 00
RBX=0x00007f2a7d645398: <offset 0x0000000000ef5398> in /nix/store/gpxl5qgg8kicmcvivwmybwjlpf7wh20l-graalvm17-ce-22.3.0/lib/server/libjvm.so at 0x00007f2a7c750000
RCX=0x00007f2a7d5fd1e8: <offset 0x0000000000ead1e8> in /nix/store/gpxl5qgg8kicmcvivwmybwjlpf7wh20l-graalvm17-ce-22.3.0/lib/server/libjvm.so at 0x00007f2a7c750000
RDX=0x0000000000000649 is an unknown value
RSP=0x00007f2a5cb16380 is pointing into the stack for thread: 0x00007f2a780b21e0
RBP=0x00007f2a5cb163a0 is pointing into the stack for thread: 0x00007f2a780b21e0
RSI=0x00007f2a7d645c48: <offset 0x0000000000ef5c48> in /nix/store/gpxl5qgg8kicmcvivwmybwjlpf7wh20l-graalvm17-ce-22.3.0/lib/server/libjvm.so at 0x00007f2a7c750000
RDI=0x00000000e0000000 is an oop: [B 
{0x00000000e0000000} - klass: {type array byte}
 - length: 44
R8 =0x00007f2a7d645398: <offset 0x0000000000ef5398> in /nix/store/gpxl5qgg8kicmcvivwmybwjlpf7wh20l-graalvm17-ce-22.3.0/lib/server/libjvm.so at 0x00007f2a7c750000
R9 =0x00007f2a5cb16330 is pointing into the stack for thread: 0x00007f2a780b21e0
R10=0x00007f2a5cb17948 is pointing into the stack for thread: 0x00007f2a780b21e0
R11=0x0000000000000293 is an unknown value
R12=0x0 is NULL
R13=0x00007f2a780b21e0 is a thread
R14=0x00007f2a78000b80 points into unknown readable memory: 0x00007f2a7d876a38 | 38 6a 87 7d 2a 7f 00 00
R15=0x00007f2a7d984e40: <offset 0x0000000001234e40> in /nix/store/gpxl5qgg8kicmcvivwmybwjlpf7wh20l-graalvm17-ce-22.3.0/lib/server/libjvm.so at 0x00007f2a7c750000


Registers:
RAX=0x00007f2a7c54a000, RBX=0x00007f2a7d645398, RCX=0x00007f2a7d5fd1e8, RDX=0x0000000000000649
RSP=0x00007f2a5cb16380, RBP=0x00007f2a5cb163a0, RSI=0x00007f2a7d645c48, RDI=0x00000000e0000000
R8 =0x00007f2a7d645398, R9 =0x00007f2a5cb16330, R10=0x00007f2a5cb17948, R11=0x0000000000000293
R12=0x0000000000000000, R13=0x00007f2a780b21e0, R14=0x00007f2a78000b80, R15=0x00007f2a7d984e40
RIP=0x00007f2a7d0c2714, EFLAGS=0x0000000000010206, CSGSFS=0x002b000000000033, ERR=0x0000000000000006
  TRAPNO=0x000000000000000e

Top of Stack: (sp=0x00007f2a5cb16380)
0x00007f2a5cb16380:   00007f2a5cb16940 00007f2a780b21e0
0x00007f2a5cb16390:   00007f2a5e3588c8 0000000800c417a0
0x00007f2a5cb163a0:   00007f2a5cb16500 00007f2a7d08e2fe
0x00007f2a5cb163b0:   00007f2a5cb163e0 00007f2a5cb16440 

Instructions: (pc=0x00007f2a7d0c2714)
0x00007f2a7d0c2614:   30 e8 f6 cf e8 ff 4c 89 e7 e8 2e 48 d1 ff 84 db
0x00007f2a7d0c2624:   75 2a 4d 85 ed 74 04 4d 8b 6d 00 48 83 c4 08 44
0x00007f2a7d0c2634:   89 f9 4c 89 f2 4c 89 ee 5b 4c 89 e7 41 5c 41 5d
0x00007f2a7d0c2644:   41 5e 41 5f 5d e9 e2 47 d1 ff 66 90 48 83 c4 08
0x00007f2a7d0c2654:   5b 41 5c 41 5d 41 5e 41 5f 5d c3 90 31 d2 be 08
0x00007f2a7d0c2664:   00 00 00 4c 89 ff e8 b1 78 a3 ff 49 89 c5 e9 37
0x00007f2a7d0c2674:   ff ff ff 66 0f 1f 84 00 00 00 00 00 48 8b 7a 08
0x00007f2a7d0c2684:   e9 6d ff ff ff 0f 1f 80 00 00 00 00 e8 5b 48 0a
0x00007f2a7d0c2694:   00 84 c0 75 89 e9 6a ff ff ff 66 90 55 48 89 e5
0x00007f2a7d0c26a4:   41 56 41 55 41 54 49 89 fc 53 48 89 f3 66 48 8d
0x00007f2a7d0c26b4:   3d 27 5e 85 00 66 66 48 e8 df 43 8d ff 4c 8b 28
0x00007f2a7d0c26c4:   8b 05 be 72 8a 00 85 c0 75 14 ba 01 00 00 00 48
0x00007f2a7d0c26d4:   8d 0d ae 72 8a 00 f0 0f b1 11 85 c0 74 4e be c8
0x00007f2a7d0c26e4:   00 00 00 4c 89 ef e8 01 0b 41 00 48 8d 05 12 ac
0x00007f2a7d0c26f4:   85 00 49 89 d8 48 8d 0d e8 aa 53 00 ba 49 06 00
0x00007f2a7d0c2704:   00 48 8d 35 3c 35 58 00 bf 00 00 00 e0 48 8b 00
0x00007f2a7d0c2714:   c6 00 58 31 c0 e8 e2 91 c6 ff 5b 41 5c 41 5d 41
0x00007f2a7d0c2724:   5e 5d e9 55 34 26 00 0f 1f 44 00 00 48 8d 05 81
0x00007f2a7d0c2734:   a3 8b 00 48 89 df 4c 8b 30 e8 9e 43 8d ff 48 89
0x00007f2a7d0c2744:   de 48 89 c2 49 8b 06 4c 89 f7 ff 50 08 4c 89 f7
0x00007f2a7d0c2754:   e8 a7 5c 27 00 4d 85 e4 74 12 be 01 00 00 00 4c
0x00007f2a7d0c2764:   89 e7 e8 35 43 fc ff eb 82 0f 1f 00 be 01 00 00
0x00007f2a7d0c2774:   00 4c 89 ef e8 d3 fd ff ff e9 6d ff ff ff 66 66
0x00007f2a7d0c2784:   2e 0f 1f 84 00 00 00 00 00 0f 1f 00 55 48 89 e5
0x00007f2a7d0c2794:   41 57 41 56 41 55 41 54 53 48 81 ec 08 02 00 00
0x00007f2a7d0c27a4:   64 48 8b 04 25 28 00 00 00 48 89 45 c8 8b 07 83
0x00007f2a7d0c27b4:   f8 02 0f 84 11 04 00 00 4c 8b 6f 18 49 89 ff 49
0x00007f2a7d0c27c4:   89 f4 4d 85 ed 74 14 4c 89 ef e8 5d 57 22 00 41
0x00007f2a7d0c27d4:   8b 07 83 f8 02 0f 84 19 04 00 00 48 8d 1d 9a 06
0x00007f2a7d0c27e4:   8a 00 4c 8d 35 0b 3c 58 00 eb 38 90 48 85 d2 7f
0x00007f2a7d0c27f4:   0d 48 8d 05 b4 c0 85 00 48 83 38 00 7e 0e 41 8b
0x00007f2a7d0c2804:   77 2c 4c 89 f7 31 c0 e8 a0 b2 f7 ff 49 8b 7f 18 


Stack slot to memory mapping:
stack at sp + 0 slots: 0x00007f2a5cb16940 is pointing into the stack for thread: 0x00007f2a780b21e0
stack at sp + 1 slots: 0x00007f2a780b21e0 is a thread
stack at sp + 2 slots: 0x00007f2a5e3588c8 points into unknown readable memory: 0x65730018052dffff | ff ff 2d 05 18 00 73 65
stack at sp + 3 slots: 0x0000000800c417a0 is a pointer to class: 
jdk.vm.ci.services.Services {0x0000000800c417a0}
 - instance size:     2
 - klass size:        65
 - access:            public final synchronized 
 - state:             fully_initialized
 - name:              'jdk/vm/ci/services/Services'
 - super:             'java/lang/Object'
 - sub:               
 - arrays:            NULL
 - methods:           Array<T>(0x00007f2a5d441f78)
 - method ordering:   Array<T>(0x0000000800928960)
 - default_methods:   Array<T>(0x0000000000000000)
 - local interfaces:  Array<T>(0x00000008005ce810)
 - trans. interfaces: Array<T>(0x00000008005ce810)
 - constants:         constant pool [427] {0x00007f2a5d441058} for 'jdk/vm/ci/services/Services' cache=0x00007f2a5d443248
 - class loader data:  loader data: 0x00007f2a780283f0 of 'bootstrap'
 - source file:       'Services.java'
 - class annotations:       Array<T>(0x0000000000000000)
 - class type annotations:  Array<T>(0x0000000000000000)
 - field annotations:       Array<T>(0x0000000000000000)
 - field type annotations:  Array<T>(0x0000000000000000)
 - inner classes:     Array<T>(0x00007f2a5d443218)
 - nest members:     Array<T>(0x00007f2a5d443238)
 - permitted subclasses:     Array<T>(0x00000008005ce7a0)
 - java mirror:       a 'java/lang/Class'{0x00000000e01d9738} = 'jdk/vm/ci/services/Services'
 - vtable length      5  (start addr: 0x0000000800c41970)
 - itable length      2 (start addr: 0x0000000800c41998)
 - ---- static fields (3 words):
 - public static final 'IS_BUILDING_NATIVE_IMAGE' 'Z' @128 
 - public static final 'IS_IN_NATIVE_IMAGE' 'Z' @129 
 - private static volatile 'savedProperties' 'Ljava/util/Map;' @112 
 - static final 'JVMCI_ENABLED' 'Z' @130 
 - private static final 'servicesCache' 'Ljava/util/Map;' @116 
 - private static final 'MAX_UNICODE_IN_UTF8_LENGTH' 'I' @120 
 - private static final 'MAX_UTF8_PROPERTY_STRING_LENGTH' 'I' @124 
 - ---- non-static fields (0 words):
 - non-static oop maps: 
stack at sp + 4 slots: 0x00007f2a5cb16500 is pointing into the stack for thread: 0x00007f2a780b21e0
stack at sp + 5 slots: 0x00007f2a7d08e2fe: <offset 0x000000000093e2fe> in /nix/store/gpxl5qgg8kicmcvivwmybwjlpf7wh20l-graalvm17-ce-22.3.0/lib/server/libjvm.so at 0x00007f2a7c750000
stack at sp + 6 slots: 0x00007f2a5cb163e0 is pointing into the stack for thread: 0x00007f2a780b21e0
stack at sp + 7 slots: 0x00007f2a5cb16440 is pointing into the stack for thread: 0x00007f2a780b21e0


---------------  P R O C E S S  ---------------

Threads class SMR info:
_java_thread_list=0x00007f29dc001d90, length=24, elements={
0x00007f2a78026690, 0x00007f2a780a64d0, 0x00007f2a780a7910, 0x00007f2a780ae050,
0x00007f2a780af400, 0x00007f2a780b07f0, 0x00007f2a780b21e0, 0x00007f2a780b36f0,
0x00007f2a780b4b40, 0x00007f2a780d8800, 0x00007f2a781207e0, 0x00007f2a7831c600,
0x00007f2a7834f960, 0x00007f2a783521a0, 0x00007f2a78336d90, 0x00007f2a0c016e40,
0x00007f2a0c2c0d10, 0x00007f2a0c322e40, 0x00007f2a0c4a1380, 0x00007f2a0c6aa1b0,
0x00007f2a784aaca0, 0x00007f2a783e6d90, 0x00007f29e80f80e0, 0x00007f2a000010d0
}

Java Threads: ( => current thread )
  0x00007f2a78026690 JavaThread "main" [_thread_blocked, id=33, stack(0x00007f2a7c56b000,0x00007f2a7c66b000)]
  0x00007f2a780a64d0 JavaThread "Reference Handler" daemon [_thread_blocked, id=36, stack(0x00007f2a5d1fe000,0x00007f2a5d2fe000)]
  0x00007f2a780a7910 JavaThread "Finalizer" daemon [_thread_blocked, id=37, stack(0x00007f2a5d0fe000,0x00007f2a5d1fe000)]
  0x00007f2a780ae050 JavaThread "Signal Dispatcher" daemon [_thread_blocked, id=38, stack(0x00007f2a5cd18000,0x00007f2a5ce18000)]
  0x00007f2a780af400 JavaThread "Service Thread" daemon [_thread_blocked, id=39, stack(0x00007f2a5cc18000,0x00007f2a5cd18000)]
  0x00007f2a780b07f0 JavaThread "Monitor Deflation Thread" daemon [_thread_blocked, id=40, stack(0x00007f2a5cb18000,0x00007f2a5cc18000)]
=>0x00007f2a780b21e0 JavaThread "JVMCI-native CompilerThread0" daemon [_thread_in_vm, id=41, stack(0x00007f2a5c918000,0x00007f2a5cb18000)]
  0x00007f2a780b36f0 JavaThread "C1 CompilerThread0" daemon [_thread_blocked, id=42, stack(0x00007f2a5c718000,0x00007f2a5c918000)]
  0x00007f2a780b4b40 JavaThread "Sweeper thread" daemon [_thread_blocked, id=43, stack(0x00007f2a5c618000,0x00007f2a5c718000)]
  0x00007f2a780d8800 JavaThread "Common-Cleaner" daemon [_thread_blocked, id=45, stack(0x00007f2a5c518000,0x00007f2a5c618000)]
  0x00007f2a781207e0 JavaThread "Notification Thread" daemon [_thread_blocked, id=46, stack(0x00007f2a5c418000,0x00007f2a5c518000)]
  0x00007f2a7831c600 JavaThread "Active Thread: Equinox Container: 4ddd286d-d1fb-45d7-b751-b65980d61ec4" [_thread_blocked, id=56, stack(0x00007f2a24900000,0x00007f2a24a00000)]
  0x00007f2a7834f960 JavaThread "Framework Event Dispatcher: Equinox Container: 4ddd286d-d1fb-45d7-b751-b65980d61ec4" daemon [_thread_blocked, id=57, stack(0x00007f2a24700000,0x00007f2a24800000)]
  0x00007f2a783521a0 JavaThread "Start Level: Equinox Container: 4ddd286d-d1fb-45d7-b751-b65980d61ec4" daemon [_thread_blocked, id=58, stack(0x00007f2a24500000,0x00007f2a24600000)]
  0x00007f2a78336d90 JavaThread "Refresh Thread: Equinox Container: 4ddd286d-d1fb-45d7-b751-b65980d61ec4" daemon [_thread_blocked, id=59, stack(0x00007f2a24300000,0x00007f2a24400000)]
  0x00007f2a0c016e40 JavaThread "SCR Component Actor" daemon [_thread_blocked, id=63, stack(0x00007f2a24100000,0x00007f2a24200000)]
  0x00007f2a0c2c0d10 JavaThread "Worker-JM" [_thread_blocked, id=66, stack(0x00007f2a23d00000,0x00007f2a23e00000)]
  0x00007f2a0c322e40 JavaThread "Worker-0: Compacting resource model" [_thread_blocked, id=67, stack(0x00007f2a23b00000,0x00007f2a23c00000)]
  0x00007f2a0c4a1380 JavaThread "Java indexing" daemon [_thread_blocked, id=73, stack(0x00007f2a23700000,0x00007f2a23800000)]
  0x00007f2a0c6aa1b0 JavaThread "Bundle File Closer" daemon [_thread_blocked, id=74, stack(0x00007f2a23500000,0x00007f2a23600000)]
  0x00007f2a784aaca0 JavaThread "pool-3-thread-1" [_thread_blocked, id=75, stack(0x00007f2a23300000,0x00007f2a23400000)]
  0x00007f2a783e6d90 JavaThread "pool-2-thread-1" [_thread_blocked, id=77, stack(0x00007f2a22f00000,0x00007f2a23000000)]
  0x00007f29e80f80e0 JavaThread "Thread-3" [_thread_blocked, id=396, stack(0x00007f2a23100000,0x00007f2a23200000)]
  0x00007f2a000010d0 JavaThread "Worker-6" [_thread_blocked, id=623, stack(0x00007f2a22b00000,0x00007f2a22c00000)]

Other Threads:
  0x00007f2a780a1c10 VMThread "VM Thread" [stack: 0x00007f2a5d300000,0x00007f2a5d400000] [id=35] _threads_hazard_ptr=0x00007f29dc001d90
  0x00007f2a78122180 WatcherThread [stack: 0x00007f2a5c318000,0x00007f2a5c418000] [id=47]
  0x00007f2a7803df30 GCTaskThread "GC Thread#0" [stack: 0x00007f2a7c12e000,0x00007f2a7c22e000] [id=34]

Threads with active compile tasks:
JVMCI-native CompilerThread0   926016 7258       4       java.util.HashMap::put (13 bytes)

VM state: synchronizing (normal execution)

VM Mutex/Monitor currently owned by a thread:  ([mutex/lock_event])
[0x00007f2a78023840] Threads_lock - owner thread: 0x00007f2a780a1c10
[0x00007f2a78023ff0] Heap_lock - owner thread: 0x00007f2a0c322e40

OutOfMemory and StackOverflow Exception counts:
OutOfMemoryError java_heap_errors=13
LinkageErrors=48

Heap address: 0x00000000e0000000, size: 512 MB, Compressed Oops mode: 32-bit

CDS archive(s) mapped at: [0x0000000800000000-0x0000000800bc8000-0x0000000800bc8000), size 12353536, SharedBaseAddress: 0x0000000800000000, ArchiveRelocationMode: 0.
Compressed class space mapped at: 0x0000000800c00000-0x0000000840c00000, reserved size: 1073741824
Narrow klass base: 0x0000000800000000, Narrow klass shift: 0, Narrow klass range: 0x100000000

GC Precious Log:
 CPUs: 8 total, 1 available
 Memory: 1024M
 Large Page Support: Disabled
 NUMA Support: Disabled
 Compressed Oops: Enabled (32-bit)
 Alignments: Space 512K, Generation 512K, Heap 2M
 Heap Min Capacity: 100M
 Heap Initial Capacity: 100M
 Heap Max Capacity: 512M
 Pre-touch: Disabled
 Parallel Workers: 1

Heap:
 PSYoungGen      total 56832K, used 38125K [0x00000000f5580000, 0x00000000fa300000, 0x0000000100000000)
  eden space 36352K, 99% used [0x00000000f5580000,0x00000000f78ffff8,0x00000000f7900000)
  from space 20480K, 8% used [0x00000000f8d80000,0x00000000f8f3b558,0x00000000fa180000)
  to   space 20992K, 0% used [0x00000000f7900000,0x00000000f7900000,0x00000000f8d80000)
 ParOldGen       total 349696K, used 349693K [0x00000000e0000000, 0x00000000f5580000, 0x00000000f5580000)
  object space 349696K, 99% used [0x00000000e0000000,0x00000000f557f788,0x00000000f5580000)
 Metaspace       used 53778K, committed 54528K, reserved 1097728K
  class space    used 5381K, committed 5696K, reserved 1048576K

Card table byte_map: [0x00007f2a7c22e000,0x00007f2a7c32f000] _byte_map_base: 0x00007f2a7bb2e000

Marking Bits: (ParMarkBitMap*) 0x00007f2a7d97e4c0
 Begin Bits: [0x00007f2a5e4b3000, 0x00007f2a5ecb3000)
 End Bits:   [0x00007f2a5ecb3000, 0x00007f2a5f4b3000)

Polling page: 0x00007f2a7c548000

Metaspace:

Usage:
  Non-class:     47.26 MB used.
      Class:      5.26 MB used.
       Both:     52.52 MB used.

Virtual space:
  Non-class space:       48.00 MB reserved,      47.69 MB (>99%) committed,  6 nodes.
      Class space:        1.00 GB reserved,       5.56 MB ( <1%) committed,  1 nodes.
             Both:        1.05 GB reserved,      53.25 MB (  5%) committed. 

Chunk freelists:
   Non-Class:  111.00 KB
       Class:  2.41 MB
        Both:  2.52 MB

MaxMetaspaceSize: unlimited
CompressedClassSpaceSize: 1.00 GB
Initial GC threshold: 21.00 MB
Current GC threshold: 88.75 MB
CDS: on
MetaspaceReclaimPolicy: balanced
 - commit_granule_bytes: 65536.
 - commit_granule_words: 8192.
 - virtual_space_node_default_size: 1048576.
 - enlarge_chunks_in_place: 1.
 - new_chunks_are_fully_committed: 0.
 - uncommit_free_chunks: 1.
 - use_allocation_guard: 0.
 - handle_deallocations: 1.


Internal statistics:

num_allocs_failed_limit: 6.
num_arena_births: 352.
num_arena_deaths: 66.
num_vsnodes_births: 7.
num_vsnodes_deaths: 0.
num_space_committed: 851.
num_space_uncommitted: 0.
num_chunks_returned_to_freelist: 89.
num_chunks_taken_from_freelist: 2366.
num_chunk_merges: 36.
num_chunk_splits: 1538.
num_chunks_enlarged: 993.
num_purges: 10.
num_inconsistent_stats: 0.

CodeHeap 'non-profiled nmethods': size=120036Kb used=2236Kb max_used=2291Kb free=117799Kb
 bounds [0x00007f2a66f7a000, 0x00007f2a671ea000, 0x00007f2a6e4b3000]
CodeHeap 'profiled nmethods': size=120032Kb used=11058Kb max_used=13547Kb free=108973Kb
 bounds [0x00007f2a5fa42000, 0x00007f2a60782000, 0x00007f2a66f7a000]
CodeHeap 'non-nmethods': size=5692Kb used=1382Kb max_used=1387Kb free=4309Kb
 bounds [0x00007f2a5f4b3000, 0x00007f2a5f723000, 0x00007f2a5fa42000]
 total_blobs=6143 nmethods=5430 adapters=610
 compilation: enabled
              stopped_count=0, restarted_count=0
 full_count=0

JVMCI Events (20 events):
Event: 488.967 Thread 0x00007f2a780b21e0 detached from JVMCI runtime 0
Event: 614.873 Thread 0x00007f2a780b21e0 attached to JVMCI runtime 0
Event: 614.875 Thread 0x00007f2a780b21e0 created JavaVM[5]@0x00007f29cba9e340 for JVMCI runtime 0
Event: 614.875 Thread 0x00007f2a780b21e0 initializing JVMCI runtime 0
Event: 614.875 Thread 0x00007f2a780b21e0 done waiting for JavaVM references initialization in JVMCI runtime 0
Event: 644.096 Thread 0x00007f2a780b21e0 initialized JVMCI runtime 0
Event: 660.317 Thread 0x00007f2a780b21e0 compacted oop handles in JVMCI runtime 0 from 58 to 57
Event: 666.664 Thread 0x00007f2a780b21e0 compacted oop handles in JVMCI runtime 0 from 77 to 76
Event: 667.904 Thread 0x00007f2a780b21e0 detaching from JVMCI runtime 0: releasing idle compiler thread (0 other threads still attached)
Event: 667.904 Thread 0x00007f2a780b21e0 shutting down HotSpotJVMCIRuntime for JVMCI runtime 0
Event: 667.904 Thread 0x00007f2a780b21e0 compacted oop handles in JVMCI runtime 0 from 76 to 46
Event: 669.174 Thread 0x00007f2a780b21e0 shut down JVMCI runtime 0
Event: 669.178 Thread 0x00007f2a780b21e0 destroyed JavaVM[5]@0x00007f29cba9e340 for JVMCI runtime 0
Event: 669.178 Thread 0x00007f2a780b21e0 compacted oop handles in JVMCI runtime 0 from 46 to 46
Event: 669.178 Thread 0x00007f2a780b21e0 releasing handles for JVMCI runtime 0: oop handles=46, metadata handles={total=128, live=122, blocks=43}
Event: 669.178 Thread 0x00007f2a780b21e0 detached from JVMCI runtime 0
Event: 909.911 Thread 0x00007f2a780b21e0 attached to JVMCI runtime 0
Event: 909.912 Thread 0x00007f2a780b21e0 created JavaVM[6]@0x00007f29cba9e340 for JVMCI runtime 0
Event: 909.912 Thread 0x00007f2a780b21e0 initializing JVMCI runtime 0
Event: 909.912 Thread 0x00007f2a780b21e0 done waiting for JavaVM references initialization in JVMCI runtime 0

Compilation events (20 events):
Event: 732.209 Thread 0x00007f2a780b36f0 nmethod 7248 0x00007f2a6029d890 code [0x00007f2a6029db60, 0x00007f2a6029efc0]
Event: 748.173 Thread 0x00007f2a780b36f0 7249       3       java.util.Calendar::setTimeInMillis (84 bytes)
Event: 748.173 Thread 0x00007f2a780b36f0 nmethod 7249 0x00007f2a5fb7a910 code [0x00007f2a5fb7aae0, 0x00007f2a5fb7b2c0]
Event: 790.200 Thread 0x00007f2a780b36f0 7250  s    3       java.io.BufferedOutputStream::flush (12 bytes)
Event: 791.526 Thread 0x00007f2a780b36f0 nmethod 7250 0x00007f2a5faedc90 code [0x00007f2a5faede60, 0x00007f2a5faee510]
Event: 810.862 Thread 0x00007f2a780b36f0 7251       3       java.util.concurrent.ThreadPoolExecutor::isShutdown (12 bytes)
Event: 810.862 Thread 0x00007f2a780b36f0 nmethod 7251 0x00007f2a5fb2f410 code [0x00007f2a5fb2f5c0, 0x00007f2a5fb2f7b0]
Event: 813.484 Thread 0x00007f2a780b36f0 7252       3       org.eclipse.osgi.internal.log.ExtendedLogReaderServiceFactory::incrementNestedCount (17 bytes)
Event: 817.332 Thread 0x00007f2a780b36f0 nmethod 7252 0x00007f2a5fc09910 code [0x00007f2a5fc09ae0, 0x00007f2a5fc0a3f0]
Event: 821.158 Thread 0x00007f2a780b36f0 7253       3       org.eclipse.core.internal.jobs.JobChangeEvent::<init> (32 bytes)
Event: 824.984 Thread 0x00007f2a780b36f0 nmethod 7253 0x00007f2a5fdf2010 code [0x00007f2a5fdf21c0, 0x00007f2a5fdf2370]
Event: 835.368 Thread 0x00007f2a780b36f0 7254       3       java.util.concurrent.ScheduledThreadPoolExecutor::canRunInCurrentRunState (61 bytes)
Event: 835.369 Thread 0x00007f2a780b36f0 nmethod 7254 0x00007f2a6042b610 code [0x00007f2a6042b820, 0x00007f2a6042c2c0]
Event: 857.788 Thread 0x00007f2a780b36f0 7256       3       org.eclipse.osgi.internal.log.ExtendedLogReaderServiceFactory::getCount (29 bytes)
Event: 859.098 Thread 0x00007f2a780b36f0 nmethod 7256 0x00007f2a603d8b90 code [0x00007f2a603d8d60, 0x00007f2a603d95f0]
Event: 859.098 Thread 0x00007f2a780b36f0 7255       3       org.eclipse.osgi.internal.log.ExtendedLogReaderServiceFactory::decrementNestedCount (21 bytes)
Event: 859.099 Thread 0x00007f2a780b36f0 nmethod 7255 0x00007f2a60600b10 code [0x00007f2a60600d00, 0x00007f2a60601690]
Event: 871.686 Thread 0x00007f2a780b36f0 7257       3       org.eclipse.core.internal.jobs.InternalJob::remove (48 bytes)
Event: 871.686 Thread 0x00007f2a780b36f0 nmethod 7257 0x00007f2a5fae5310 code [0x00007f2a5fae54c0, 0x00007f2a5fae56f0]
Event: 909.911 Thread 0x00007f2a780b21e0 7258       4       java.util.HashMap::put (13 bytes)

GC Heap History (20 events):
Event: 912.484 GC heap before
{Heap before GC invocations=807 (full 677):
 PSYoungGen      total 56832K, used 38125K [0x00000000f5580000, 0x00000000fa300000, 0x0000000100000000)
  eden space 36352K, 100% used [0x00000000f5580000,0x00000000f7900000,0x00000000f7900000)
  from space 20480K, 8% used [0x00000000f8d80000,0x00000000f8f3b600,0x00000000fa180000)
  to   space 20992K, 0% used [0x00000000f7900000,0x00000000f7900000,0x00000000f8d80000)
 ParOldGen       total 349696K, used 349695K [0x00000000e0000000, 0x00000000f5580000, 0x00000000f5580000)
  object space 349696K, 99% used [0x00000000e0000000,0x00000000f557fff0,0x00000000f5580000)
 Metaspace       used 53777K, committed 54528K, reserved 1097728K
  class space    used 5381K, committed 5696K, reserved 1048576K
}
Event: 913.711 GC heap after
{Heap after GC invocations=807 (full 677):
 PSYoungGen      total 56832K, used 38125K [0x00000000f5580000, 0x00000000fa300000, 0x0000000100000000)
  eden space 36352K, 100% used [0x00000000f5580000,0x00000000f7900000,0x00000000f7900000)
  from space 20480K, 8% used [0x00000000f8d80000,0x00000000f8f3b600,0x00000000fa180000)
  to   space 20992K, 0% used [0x00000000f7900000,0x00000000f7900000,0x00000000f8d80000)
 ParOldGen       total 349696K, used 349695K [0x00000000e0000000, 0x00000000f5580000, 0x00000000f5580000)
  object space 349696K, 99% used [0x00000000e0000000,0x00000000f557fff0,0x00000000f5580000)
 Metaspace       used 53777K, committed 54528K, reserved 1097728K
  class space    used 5381K, committed 5696K, reserved 1048576K
}
Event: 913.711 GC heap before
{Heap before GC invocations=808 (full 678):
 PSYoungGen      total 56832K, used 38125K [0x00000000f5580000, 0x00000000fa300000, 0x0000000100000000)
  eden space 36352K, 100% used [0x00000000f5580000,0x00000000f7900000,0x00000000f7900000)
  from space 20480K, 8% used [0x00000000f8d80000,0x00000000f8f3b600,0x00000000fa180000)
  to   space 20992K, 0% used [0x00000000f7900000,0x00000000f7900000,0x00000000f8d80000)
 ParOldGen       total 349696K, used 349695K [0x00000000e0000000, 0x00000000f5580000, 0x00000000f5580000)
  object space 349696K, 99% used [0x00000000e0000000,0x00000000f557fff0,0x00000000f5580000)
 Metaspace       used 53777K, committed 54528K, reserved 1097728K
  class space    used 5381K, committed 5696K, reserved 1048576K
}
Event: 914.900 GC heap after
{Heap after GC invocations=808 (full 678):
 PSYoungGen      total 56832K, used 38125K [0x00000000f5580000, 0x00000000fa300000, 0x0000000100000000)
  eden space 36352K, 100% used [0x00000000f5580000,0x00000000f7900000,0x00000000f7900000)
  from space 20480K, 8% used [0x00000000f8d80000,0x00000000f8f3b600,0x00000000fa180000)
  to   space 20992K, 0% used [0x00000000f7900000,0x00000000f7900000,0x00000000f8d80000)
 ParOldGen       total 349696K, used 349691K [0x00000000e0000000, 0x00000000f5580000, 0x00000000f5580000)
  object space 349696K, 99% used [0x00000000e0000000,0x00000000f557ee30,0x00000000f5580000)
 Metaspace       used 53777K, committed 54528K, reserved 1097728K
  class space    used 5381K, committed 5696K, reserved 1048576K
}
Event: 914.900 GC heap before
{Heap before GC invocations=809 (full 679):
 PSYoungGen      total 56832K, used 38125K [0x00000000f5580000, 0x00000000fa300000, 0x0000000100000000)
  eden space 36352K, 100% used [0x00000000f5580000,0x00000000f7900000,0x00000000f7900000)
  from space 20480K, 8% used [0x00000000f8d80000,0x00000000f8f3b600,0x00000000fa180000)
  to   space 20992K, 0% used [0x00000000f7900000,0x00000000f7900000,0x00000000f8d80000)
 ParOldGen       total 349696K, used 349691K [0x00000000e0000000, 0x00000000f5580000, 0x00000000f5580000)
  object space 349696K, 99% used [0x00000000e0000000,0x00000000f557ee68,0x00000000f5580000)
 Metaspace       used 53777K, committed 54528K, reserved 1097728K
  class space    used 5381K, committed 5696K, reserved 1048576K
}
Event: 916.204 GC heap after
{Heap after GC invocations=809 (full 679):
 PSYoungGen      total 56832K, used 38125K [0x00000000f5580000, 0x00000000fa300000, 0x0000000100000000)
  eden space 36352K, 99% used [0x00000000f5580000,0x00000000f78ffef0,0x00000000f7900000)
  from space 20480K, 8% used [0x00000000f8d80000,0x00000000f8f3b600,0x00000000fa180000)
  to   space 20992K, 0% used [0x00000000f7900000,0x00000000f7900000,0x00000000f8d80000)
 ParOldGen       total 349696K, used 349690K [0x00000000e0000000, 0x00000000f5580000, 0x00000000f5580000)
  object space 349696K, 99% used [0x00000000e0000000,0x00000000f557ea58,0x00000000f5580000)
 Metaspace       used 53777K, committed 54528K, reserved 1097728K
  class space    used 5381K, committed 5696K, reserved 1048576K
}
Event: 916.204 GC heap before
{Heap before GC invocations=810 (full 680):
 PSYoungGen      total 56832K, used 38125K [0x00000000f5580000, 0x00000000fa300000, 0x0000000100000000)
  eden space 36352K, 99% used [0x00000000f5580000,0x00000000f78ffff8,0x00000000f7900000)
  from space 20480K, 8% used [0x00000000f8d80000,0x00000000f8f3b600,0x00000000fa180000)
  to   space 20992K, 0% used [0x00000000f7900000,0x00000000f7900000,0x00000000f8d80000)
 ParOldGen       total 349696K, used 349690K [0x00000000e0000000, 0x00000000f5580000, 0x00000000f5580000)
  object space 349696K, 99% used [0x00000000e0000000,0x00000000f557ea58,0x00000000f5580000)
 Metaspace       used 53778K, committed 54528K, reserved 1097728K
  class space    used 5381K, committed 5696K, reserved 1048576K
}
Event: 917.497 GC heap after
{Heap after GC invocations=810 (full 680):
 PSYoungGen      total 56832K, used 38125K [0x00000000f5580000, 0x00000000fa300000, 0x0000000100000000)
  eden space 36352K, 99% used [0x00000000f5580000,0x00000000f78fff18,0x00000000f7900000)
  from space 20480K, 8% used [0x00000000f8d80000,0x00000000f8f3b600,0x00000000fa180000)
  to   space 20992K, 0% used [0x00000000f7900000,0x00000000f7900000,0x00000000f8d80000)
 ParOldGen       total 349696K, used 349690K [0x00000000e0000000, 0x00000000f5580000, 0x00000000f5580000)
  object space 349696K, 99% used [0x00000000e0000000,0x00000000f557e9b8,0x00000000f5580000)
 Metaspace       used 53778K, committed 54528K, reserved 1097728K
  class space    used 5381K, committed 5696K, reserved 1048576K
}
Event: 917.497 GC heap before
{Heap before GC invocations=811 (full 681):
 PSYoungGen      total 56832K, used 38125K [0x00000000f5580000, 0x00000000fa300000, 0x0000000100000000)
  eden space 36352K, 99% used [0x00000000f5580000,0x00000000f78ffff0,0x00000000f7900000)
  from space 20480K, 8% used [0x00000000f8d80000,0x00000000f8f3b600,0x00000000fa180000)
  to   space 20992K, 0% used [0x00000000f7900000,0x00000000f7900000,0x00000000f8d80000)
 ParOldGen       total 349696K, used 349690K [0x00000000e0000000, 0x00000000f5580000, 0x00000000f5580000)
  object space 349696K, 99% used [0x00000000e0000000,0x00000000f557e9b8,0x00000000f5580000)
 Metaspace       used 53778K, committed 54528K, reserved 1097728K
  class space    used 5381K, committed 5696K, reserved 1048576K
}
Event: 918.985 GC heap after
{Heap after GC invocations=811 (full 681):
 PSYoungGen      total 56832K, used 38125K [0x00000000f5580000, 0x00000000fa300000, 0x0000000100000000)
  eden space 36352K, 99% used [0x00000000f5580000,0x00000000f78fffd8,0x00000000f7900000)
  from space 20480K, 8% used [0x00000000f8d80000,0x00000000f8f3b600,0x00000000fa180000)
  to   space 20992K, 0% used [0x00000000f7900000,0x00000000f7900000,0x00000000f8d80000)
 ParOldGen       total 349696K, used 349690K [0x00000000e0000000, 0x00000000f5580000, 0x00000000f5580000)
  object space 349696K, 99% used [0x00000000e0000000,0x00000000f557e9b8,0x00000000f5580000)
 Metaspace       used 53778K, committed 54528K, reserved 1097728K
  class space    used 5381K, committed 5696K, reserved 1048576K
}
Event: 918.985 GC heap before
{Heap before GC invocations=812 (full 682):
 PSYoungGen      total 56832K, used 38125K [0x00000000f5580000, 0x00000000fa300000, 0x0000000100000000)
  eden space 36352K, 99% used [0x00000000f5580000,0x00000000f78ffff0,0x00000000f7900000)
  from space 20480K, 8% used [0x00000000f8d80000,0x00000000f8f3b600,0x00000000fa180000)
  to   space 20992K, 0% used [0x00000000f7900000,0x00000000f7900000,0x00000000f8d80000)
 ParOldGen       total 349696K, used 349694K [0x00000000e0000000, 0x00000000f5580000, 0x00000000f5580000)
  object space 349696K, 99% used [0x00000000e0000000,0x00000000f557f980,0x00000000f5580000)
 Metaspace       used 53778K, committed 54528K, reserved 1097728K
  class space    used 5381K, committed 5696K, reserved 1048576K
}
Event: 920.307 GC heap after
{Heap after GC invocations=812 (full 682):
 PSYoungGen      total 56832K, used 38125K [0x00000000f5580000, 0x00000000fa300000, 0x0000000100000000)
  eden space 36352K, 99% used [0x00000000f5580000,0x00000000f78fffa8,0x00000000f7900000)
  from space 20480K, 8% used [0x00000000f8d80000,0x00000000f8f3b558,0x00000000fa180000)
  to   space 20992K, 0% used [0x00000000f7900000,0x00000000f7900000,0x00000000f8d80000)
 ParOldGen       total 349696K, used 349693K [0x00000000e0000000, 0x00000000f5580000, 0x00000000f5580000)
  object space 349696K, 99% used [0x00000000e0000000,0x00000000f557f678,0x00000000f5580000)
 Metaspace       used 53778K, committed 54528K, reserved 1097728K
  class space    used 5381K, committed 5696K, reserved 1048576K
}
Event: 920.308 GC heap before
{Heap before GC invocations=813 (full 683):
 PSYoungGen      total 56832K, used 38125K [0x00000000f5580000, 0x00000000fa300000, 0x0000000100000000)
  eden space 36352K, 99% used [0x00000000f5580000,0x00000000f78ffff8,0x00000000f7900000)
  from space 20480K, 8% used [0x00000000f8d80000,0x00000000f8f3b558,0x00000000fa180000)
  to   space 20992K, 0% used [0x00000000f7900000,0x00000000f7900000,0x00000000f8d80000)
 ParOldGen       total 349696K, used 349693K [0x00000000e0000000, 0x00000000f5580000, 0x00000000f5580000)
  object space 349696K, 99% used [0x00000000e0000000,0x00000000f557f678,0x00000000f5580000)
 Metaspace       used 53778K, committed 54528K, reserved 1097728K
  class space    used 5381K, committed 5696K, reserved 1048576K
}
Event: 921.811 GC heap after
{Heap after GC invocations=813 (full 683):
 PSYoungGen      total 56832K, used 38125K [0x00000000f5580000, 0x00000000fa300000, 0x0000000100000000)
  eden space 36352K, 99% used [0x00000000f5580000,0x00000000f78fffc0,0x00000000f7900000)
  from space 20480K, 8% used [0x00000000f8d80000,0x00000000f8f3b558,0x00000000fa180000)
  to   space 20992K, 0% used [0x00000000f7900000,0x00000000f7900000,0x00000000f8d80000)
 ParOldGen       total 349696K, used 349693K [0x00000000e0000000, 0x00000000f5580000, 0x00000000f5580000)
  object space 349696K, 99% used [0x00000000e0000000,0x00000000f557f678,0x00000000f5580000)
 Metaspace       used 53778K, committed 54528K, reserved 1097728K
  class space    used 5381K, committed 5696K, reserved 1048576K
}
Event: 921.811 GC heap before
{Heap before GC invocations=814 (full 684):
 PSYoungGen      total 56832K, used 38125K [0x00000000f5580000, 0x00000000fa300000, 0x0000000100000000)
  eden space 36352K, 99% used [0x00000000f5580000,0x00000000f78fffd8,0x00000000f7900000)
  from space 20480K, 8% used [0x00000000f8d80000,0x00000000f8f3b558,0x00000000fa180000)
  to   space 20992K, 0% used [0x00000000f7900000,0x00000000f7900000,0x00000000f8d80000)
 ParOldGen       total 349696K, used 349693K [0x00000000e0000000, 0x00000000f5580000, 0x00000000f5580000)
  object space 349696K, 99% used [0x00000000e0000000,0x00000000f557f678,0x00000000f5580000)
 Metaspace       used 53778K, committed 54528K, reserved 1097728K
  class space    used 5381K, committed 5696K, reserved 1048576K
}
Event: 923.180 GC heap after
{Heap after GC invocations=814 (full 684):
 PSYoungGen      total 56832K, used 38125K [0x00000000f5580000, 0x00000000fa300000, 0x0000000100000000)
  eden space 36352K, 99% used [0x00000000f5580000,0x00000000f78fffd8,0x00000000f7900000)
  from space 20480K, 8% used [0x00000000f8d80000,0x00000000f8f3b558,0x00000000fa180000)
  to   space 20992K, 0% used [0x00000000f7900000,0x00000000f7900000,0x00000000f8d80000)
 ParOldGen       total 349696K, used 349693K [0x00000000e0000000, 0x00000000f5580000, 0x00000000f5580000)
  object space 349696K, 99% used [0x00000000e0000000,0x00000000f557f678,0x00000000f5580000)
 Metaspace       used 53778K, committed 54528K, reserved 1097728K
  class space    used 5381K, committed 5696K, reserved 1048576K
}
Event: 923.182 GC heap before
{Heap before GC invocations=815 (full 685):
 PSYoungGen      total 56832K, used 38125K [0x00000000f5580000, 0x00000000fa300000, 0x0000000100000000)
  eden space 36352K, 99% used [0x00000000f5580000,0x00000000f78ffff8,0x00000000f7900000)
  from space 20480K, 8% used [0x00000000f8d80000,0x00000000f8f3b558,0x00000000fa180000)
  to   space 20992K, 0% used [0x00000000f7900000,0x00000000f7900000,0x00000000f8d80000)
 ParOldGen       total 349696K, used 349694K [0x00000000e0000000, 0x00000000f5580000, 0x00000000f5580000)
  object space 349696K, 99% used [0x00000000e0000000,0x00000000f557fa98,0x00000000f5580000)
 Metaspace       used 53778K, committed 54528K, reserved 1097728K
  class space    used 5381K, committed 5696K, reserved 1048576K
}
Event: 924.546 GC heap after
{Heap after GC invocations=815 (full 685):
 PSYoungGen      total 56832K, used 38125K [0x00000000f5580000, 0x00000000fa300000, 0x0000000100000000)
  eden space 36352K, 99% used [0x00000000f5580000,0x00000000f78ffff8,0x00000000f7900000)
  from space 20480K, 8% used [0x00000000f8d80000,0x00000000f8f3b558,0x00000000fa180000)
  to   space 20992K, 0% used [0x00000000f7900000,0x00000000f7900000,0x00000000f8d80000)
 ParOldGen       total 349696K, used 349693K [0x00000000e0000000, 0x00000000f5580000, 0x00000000f5580000)
  object space 349696K, 99% used [0x00000000e0000000,0x00000000f557f738,0x00000000f5580000)
 Metaspace       used 53778K, committed 54528K, reserved 1097728K
  class space    used 5381K, committed 5696K, reserved 1048576K
}
Event: 924.546 GC heap before
{Heap before GC invocations=816 (full 686):
 PSYoungGen      total 56832K, used 38125K [0x00000000f5580000, 0x00000000fa300000, 0x0000000100000000)
  eden space 36352K, 99% used [0x00000000f5580000,0x00000000f78ffff8,0x00000000f7900000)
  from space 20480K, 8% used [0x00000000f8d80000,0x00000000f8f3b558,0x00000000fa180000)
  to   space 20992K, 0% used [0x00000000f7900000,0x00000000f7900000,0x00000000f8d80000)
 ParOldGen       total 349696K, used 349693K [0x00000000e0000000, 0x00000000f5580000, 0x00000000f5580000)
  object space 349696K, 99% used [0x00000000e0000000,0x00000000f557f738,0x00000000f5580000)
 Metaspace       used 53778K, committed 54528K, reserved 1097728K
  class space    used 5381K, committed 5696K, reserved 1048576K
}
Event: 925.849 GC heap after
{Heap after GC invocations=816 (full 686):
 PSYoungGen      total 56832K, used 38125K [0x00000000f5580000, 0x00000000fa300000, 0x0000000100000000)
  eden space 36352K, 99% used [0x00000000f5580000,0x00000000f78ffff8,0x00000000f7900000)
  from space 20480K, 8% used [0x00000000f8d80000,0x00000000f8f3b558,0x00000000fa180000)
  to   space 20992K, 0% used [0x00000000f7900000,0x00000000f7900000,0x00000000f8d80000)
 ParOldGen       total 349696K, used 349693K [0x00000000e0000000, 0x00000000f5580000, 0x00000000f5580000)
  object space 349696K, 99% used [0x00000000e0000000,0x00000000f557f738,0x00000000f5580000)
 Metaspace       used 53778K, committed 54528K, reserved 1097728K
  class space    used 5381K, committed 5696K, reserved 1048576K
}

Dll operation events (9 events):
Event: 0.002 Loaded shared library /nix/store/gpxl5qgg8kicmcvivwmybwjlpf7wh20l-graalvm17-ce-22.3.0/lib/libjava.so
Event: 0.008 Loaded shared library /nix/store/gpxl5qgg8kicmcvivwmybwjlpf7wh20l-graalvm17-ce-22.3.0/lib/libjsvml.so
Event: 0.179 Loaded shared library /nix/store/gpxl5qgg8kicmcvivwmybwjlpf7wh20l-graalvm17-ce-22.3.0/lib/libnio.so
Event: 0.182 Loaded shared library /nix/store/gpxl5qgg8kicmcvivwmybwjlpf7wh20l-graalvm17-ce-22.3.0/lib/libzip.so
Event: 0.185 Loaded shared library /nix/store/gpxl5qgg8kicmcvivwmybwjlpf7wh20l-graalvm17-ce-22.3.0/lib/libjvmcicompiler.so
Event: 0.584 Loaded shared library /nix/store/gpxl5qgg8kicmcvivwmybwjlpf7wh20l-graalvm17-ce-22.3.0/lib/libjimage.so
Event: 1.062 Loaded shared library /nix/store/gpxl5qgg8kicmcvivwmybwjlpf7wh20l-graalvm17-ce-22.3.0/lib/libnet.so
Event: 3.768 Loaded shared library /home/runner/.cache/jdt-language-server/config/org.eclipse.equinox.launcher/org.eclipse.equinox.launcher.gtk.linux.x86_64_1.2.400.v20211117-0650/eclipse_11600.so
Event: 12.364 Loaded shared library /nix/store/gpxl5qgg8kicmcvivwmybwjlpf7wh20l-graalvm17-ce-22.3.0/lib/libextnet.so

Deoptimization events (20 events):
Event: 640.387 Thread 0x00007f2a780b21e0 DEOPT PACKING pc=0x00007f2a60282aba sp=0x00007f2a5cb15ef0
Event: 640.387 Thread 0x00007f2a780b21e0 DEOPT UNPACKING pc=0x00007f2a5f505325 sp=0x00007f2a5cb15458 mode 0
Event: 817.332 Thread 0x00007f2a783e6d90 Uncommon trap: trap_request=0xffffff8f fr.pc=0x00007f2a66fd6c79 relative=0x0000000000000999
Event: 817.332 Thread 0x00007f2a783e6d90 Uncommon trap: reason=constraint action=none pc=0x00007f2a66fd6c79 method=java.util.HashMap.putVal(ILjava/lang/Object;Ljava/lang/Object;ZZ)Ljava/lang/Object; @ 145 jvmci
Event: 817.332 Thread 0x00007f2a783e6d90 DEOPT PACKING pc=0x00007f2a66fd6c79 sp=0x00007f2a22ffca50
Event: 817.332 Thread 0x00007f2a783e6d90 DEOPT UNPACKING pc=0x00007f2a5f505325 sp=0x00007f2a22ffbef0 mode 3
Event: 821.158 Thread 0x00007f2a783e6d90 Uncommon trap: trap_request=0xffffff8f fr.pc=0x00007f2a66fb7f4d relative=0x000000000000066d
Event: 821.158 Thread 0x00007f2a783e6d90 Uncommon trap: reason=constraint action=none pc=0x00007f2a66fb7f4d method=java.util.HashMap.resize()[Ljava/util/HashMap$Node; @ 131 jvmci
Event: 821.158 Thread 0x00007f2a783e6d90 DEOPT PACKING pc=0x00007f2a66fb7f4d sp=0x00007f2a22ffca10
Event: 821.158 Thread 0x00007f2a783e6d90 DEOPT UNPACKING pc=0x00007f2a5f505325 sp=0x00007f2a22ffbe68 mode 3
Event: 823.783 Thread 0x00007f2a783e6d90 DEOPT PACKING pc=0x00007f2a66fd67fc sp=0x00007f2a22ffca50
Event: 823.783 Thread 0x00007f2a783e6d90 DEOPT UNPACKING pc=0x00007f2a5f505325 sp=0x00007f2a22ffbef0 mode 1
Event: 823.783 Thread 0x00007f2a783e6d90 DEOPT PACKING pc=0x00007f2a66fb9ec4 sp=0x00007f2a22ffcad0
Event: 823.783 Thread 0x00007f2a783e6d90 DEOPT UNPACKING pc=0x00007f2a5f505325 sp=0x00007f2a22ffbfb8 mode 1
Event: 855.278 Thread 0x00007f2a0c4a1380 Uncommon trap: trap_request=0xffffff8f fr.pc=0x00007f2a671159a5 relative=0x00000000000011e5
Event: 855.278 Thread 0x00007f2a0c4a1380 Uncommon trap: reason=constraint action=none pc=0x00007f2a671159a5 method=org.eclipse.jdt.internal.core.index.DiskIndex.copyQueryResults(Lorg/eclipse/jdt/internal/compiler/util/HashtableOfObject;I)V @ 123 jvmci
Event: 857.788 Thread 0x00007f2a0c4a1380 DEOPT PACKING pc=0x00007f2a671159a5 sp=0x00007f2a237fe530
Event: 857.788 Thread 0x00007f2a0c4a1380 DEOPT UNPACKING pc=0x00007f2a5f505325 sp=0x00007f2a237fda28 mode 3
Event: 887.462 Thread 0x00007f2a783e6d90 DEOPT PACKING pc=0x00007f2a670a8150 sp=0x00007f2a22ffdb50
Event: 887.462 Thread 0x00007f2a783e6d90 DEOPT UNPACKING pc=0x00007f2a5f505325 sp=0x00007f2a22ffcfe8 mode 1

Classes unloaded (20 events):
Event: 140.163 Thread 0x00007f2a780a1c10 Unloading class 0x0000000800d05800 'java/lang/invoke/LambdaForm$MH+0x0000000800d05800'
Event: 140.163 Thread 0x00007f2a780a1c10 Unloading class 0x0000000800d05000 'java/lang/invoke/LambdaForm$MH+0x0000000800d05000'
Event: 140.163 Thread 0x00007f2a780a1c10 Unloading class 0x0000000800d04c00 'java/lang/invoke/LambdaForm$MH+0x0000000800d04c00'
Event: 140.163 Thread 0x00007f2a780a1c10 Unloading class 0x0000000800d04800 'java/lang/invoke/LambdaForm$MH+0x0000000800d04800'
Event: 145.898 Thread 0x00007f2a780a1c10 Unloading class 0x0000000800ef8400 'jdk/internal/reflect/GeneratedConstructorAccessor13'
Event: 145.898 Thread 0x00007f2a780a1c10 Unloading class 0x0000000800ef0800 'jdk/internal/reflect/GeneratedConstructorAccessor10'
Event: 145.898 Thread 0x00007f2a780a1c10 Unloading class 0x0000000800ef0400 'jdk/internal/reflect/GeneratedConstructorAccessor9'
Event: 145.898 Thread 0x00007f2a780a1c10 Unloading class 0x0000000800ef0000 'jdk/internal/reflect/GeneratedConstructorAccessor8'
Event: 150.167 Thread 0x00007f2a780a1c10 Unloading class 0x0000000801071400 'java/lang/invoke/LambdaForm$MH+0x0000000801071400'
Event: 150.167 Thread 0x00007f2a780a1c10 Unloading class 0x0000000801071000 'java/lang/invoke/LambdaForm$MH+0x0000000801071000'
Event: 150.167 Thread 0x00007f2a780a1c10 Unloading class 0x0000000801070c00 'java/lang/invoke/LambdaForm$MH+0x0000000801070c00'
Event: 150.167 Thread 0x00007f2a780a1c10 Unloading class 0x0000000801070800 'java/lang/invoke/LambdaForm$MH+0x0000000801070800'
Event: 150.167 Thread 0x00007f2a780a1c10 Unloading class 0x0000000801070400 'java/lang/invoke/LambdaForm$MH+0x0000000801070400'
Event: 150.167 Thread 0x00007f2a780a1c10 Unloading class 0x0000000801070000 'java/lang/invoke/LambdaForm$MH+0x0000000801070000'
Event: 150.167 Thread 0x00007f2a780a1c10 Unloading class 0x0000000800d9e400 'java/lang/invoke/LambdaForm$MH+0x0000000800d9e400'
Event: 150.167 Thread 0x00007f2a780a1c10 Unloading class 0x0000000800d04000 'java/lang/invoke/LambdaForm$MH+0x0000000800d04000'
Event: 157.309 Thread 0x00007f2a780a1c10 Unloading class 0x0000000801098c00 'jdk/internal/reflect/GeneratedSerializationConstructorAccessor4'
Event: 157.309 Thread 0x00007f2a780a1c10 Unloading class 0x0000000801098800 'jdk/internal/reflect/GeneratedSerializationConstructorAccessor3'
Event: 157.309 Thread 0x00007f2a780a1c10 Unloading class 0x0000000801098400 'jdk/internal/reflect/GeneratedSerializationConstructorAccessor2'
Event: 157.309 Thread 0x00007f2a780a1c10 Unloading class 0x0000000801098000 'jdk/internal/reflect/GeneratedSerializationConstructorAccessor1'

Classes redefined (0 events):
No events

Internal exceptions (20 events):
Event: 32.472 Thread 0x00007f29e80f4ae0 Exception <a 'java/lang/NoSuchMethodError'{0x00000000f5859490}: 'int java.lang.invoke.DirectMethodHandle$Holder.invokeSpecialIFC(java.lang.Object, java.lang.Object, java.lang.Object, java.lang.Object)'> (0x00000000f5859490) 
thrown [src/hotspot/share/interpreter/linkResolver.cpp, line 758]
Event: 35.470 Thread 0x00007f2a0c4a1380 Implicit null exception at 0x00007f2a6713d122 to 0x00007f2a6713fa5a
Event: 790.200 Thread 0x00007f29e4001130 Exception <a 'java/lang/OutOfMemoryError'{0x00000000e00183e0}> (0x00000000e00183e0) 
thrown [src/hotspot/share/gc/shared/memAllocator.cpp, line 136]
Event: 817.332 Thread 0x00007f2a783e6d90 Exception <a 'java/lang/OutOfMemoryError'{0x00000000e0018980}> (0x00000000e0018980) 
thrown [src/hotspot/share/gc/shared/memAllocator.cpp, line 138]
Event: 817.332 Thread 0x00007f2a783e6d90 Implicit null exception at 0x00007f2a66fd6a03 to 0x00007f2a66fd6c5e
Event: 821.158 Thread 0x00007f2a783e6d90 Exception <a 'java/lang/OutOfMemoryError'{0x00000000e00186b0}> (0x00000000e00186b0) 
thrown [src/hotspot/share/gc/shared/memAllocator.cpp, line 138]
Event: 821.158 Thread 0x00007f2a783e6d90 Implicit null exception at 0x00007f2a66fb7dde to 0x00007f2a66fb7f32
Event: 823.783 Thread 0x00007f2a783e6d90 Exception <a 'java/lang/OutOfMemoryError'{0x00000000e00189d0}> (0x00000000e00189d0) 
thrown [src/hotspot/share/gc/shared/memAllocator.cpp, line 136]
Event: 826.163 Thread 0x00007f2a783e6d90 Exception <a 'java/lang/reflect/InvocationTargetException'{0x00000000f557c1c8}> (0x00000000f557c1c8) 
thrown [src/hotspot/share/runtime/reflection.cpp, line 1119]
Event: 855.278 Thread 0x00007f2a0c4a1380 Exception <a 'java/lang/OutOfMemoryError'{0x00000000e00186b0}> (0x00000000e00186b0) 
thrown [src/hotspot/share/gc/shared/memAllocator.cpp, line 138]
Event: 855.278 Thread 0x00007f2a0c4a1380 Implicit null exception at 0x00007f2a6711540e to 0x00007f2a6711598a
Event: 857.788 Thread 0x00007f29e4001130 Exception <a 'java/lang/OutOfMemoryError'{0x00000000e00189d0}> (0x00000000e00189d0) 
thrown [src/hotspot/share/gc/shared/memAllocator.cpp, line 136]
Event: 866.773 Thread 0x00007f29e4001130 Exception <a 'java/lang/OutOfMemoryError'{0x00000000e00189d0}> (0x00000000e00189d0) 
thrown [src/hotspot/share/gc/shared/memAllocator.cpp, line 136]
Event: 886.277 Thread 0x00007f2a783e6d90 Exception <a 'java/lang/OutOfMemoryError'{0x00000000e00189d0}> (0x00000000e00189d0) 
thrown [src/hotspot/share/gc/shared/memAllocator.cpp, line 136]
Event: 887.462 Thread 0x00007f2a783e6d90 Exception <a 'java/lang/reflect/InvocationTargetException'{0x00000000f557fd28}> (0x00000000f557fd28) 
thrown [src/hotspot/share/runtime/reflection.cpp, line 1119]
Event: 887.462 Thread 0x00007f2a783e6d90 Exception <a 'java/lang/OutOfMemoryError'{0x00000000e00189d0}> (0x00000000e00189d0) 
thrown [src/hotspot/share/prims/jni.cpp, line 516]
Event: 892.568 Thread 0x00007f2a0c322e40 Exception <a 'java/lang/OutOfMemoryError'{0x00000000e00189d0}> (0x00000000e00189d0) 
thrown [src/hotspot/share/gc/shared/memAllocator.cpp, line 136]
Event: 903.067 Thread 0x00007f2a0c322e40 Exception <a 'java/lang/OutOfMemoryError'{0x00000000e00189d0}> (0x00000000e00189d0) 
thrown [src/hotspot/share/gc/shared/memAllocator.cpp, line 136]
Event: 913.711 Thread 0x00007f2a783e6d90 Exception <a 'java/lang/OutOfMemoryError'{0x00000000e00189d0}> (0x00000000e00189d0) 
thrown [src/hotspot/share/gc/shared/memAllocator.cpp, line 136]
Event: 925.849 Thread 0x00007f2a780b21e0 Exception <a 'java/lang/OutOfMemoryError'{0x00000000e00189d0}> (0x00000000e00189d0) 
thrown [src/hotspot/share/gc/shared/memAllocator.cpp, line 136]

VM Operations (20 events):
Event: 909.912 Executing VM operation: ParallelGCFailedAllocation
Event: 911.215 Executing VM operation: ParallelGCFailedAllocation done
Event: 911.215 Executing VM operation: ParallelGCFailedAllocation
Event: 913.711 Executing VM operation: ParallelGCFailedAllocation done
Event: 913.711 Executing VM operation: ParallelGCFailedAllocation
Event: 914.900 Executing VM operation: ParallelGCFailedAllocation done
Event: 914.900 Executing VM operation: ParallelGCFailedAllocation
Event: 916.204 Executing VM operation: ParallelGCFailedAllocation done
Event: 916.204 Executing VM operation: ParallelGCFailedAllocation
Event: 917.497 Executing VM operation: ParallelGCFailedAllocation done
Event: 917.497 Executing VM operation: ParallelGCFailedAllocation
Event: 918.985 Executing VM operation: ParallelGCFailedAllocation done
Event: 918.985 Executing VM operation: ParallelGCFailedAllocation
Event: 920.307 Executing VM operation: ParallelGCFailedAllocation done
Event: 920.308 Executing VM operation: ParallelGCFailedAllocation
Event: 921.811 Executing VM operation: ParallelGCFailedAllocation done
Event: 921.811 Executing VM operation: ParallelGCFailedAllocation
Event: 923.180 Executing VM operation: ParallelGCFailedAllocation done
Event: 923.181 Executing VM operation: ParallelGCFailedAllocation
Event: 925.849 Executing VM operation: ParallelGCFailedAllocation done

Events (20 events):
Event: 760.143 Thread 0x00007f29dc000ff0 Thread exited: 0x00007f29dc000ff0
Event: 801.368 loading class java/lang/AssertionError
Event: 801.368 loading class java/lang/AssertionError done
Event: 827.546 loading class java/util/concurrent/CompletionException
Event: 828.904 loading class java/util/concurrent/CompletionException done
Event: 841.502 loading class java/util/logging/LogRecord
Event: 844.080 loading class java/util/logging/LogRecord done
Event: 864.306 loading class java/util/logging/ConsoleHandler
Event: 864.306 loading class java/util/logging/StreamHandler
Event: 874.166 loading class java/util/logging/StreamHandler done
Event: 874.166 loading class java/util/logging/ConsoleHandler done
Event: 874.166 loading class java/util/logging/SimpleFormatter
Event: 874.166 loading class java/util/logging/Formatter
Event: 874.166 loading class java/util/logging/Formatter done
Event: 874.166 loading class java/util/logging/SimpleFormatter done
Event: 880.370 loading class java/lang/Throwable$WrappedPrintStream
Event: 880.370 loading class java/lang/Throwable$PrintStreamOrWriter
Event: 881.682 loading class java/lang/Throwable$PrintStreamOrWriter done
Event: 890.063 loading class java/lang/Throwable$WrappedPrintStream done
Event: 896.522 Thread 0x00007f29e4001130 Thread exited: 0x00007f29e4001130


Dynamic libraries:
e0000000-f5580000 rw-p 00000000 00:00 0 
f5580000-fa300000 rw-p 00000000 00:00 0 
fa300000-100000000 ---p 00000000 00:00 0 
800000000-800449000 rw-p 00001000 00:bcd 9223372037562745673             /nix/store/gpxl5qgg8kicmcvivwmybwjlpf7wh20l-graalvm17-ce-22.3.0/lib/server/classes.jsa
800449000-800bc8000 r--p 0044a000 00:bcd 9223372037562745673             /nix/store/gpxl5qgg8kicmcvivwmybwjlpf7wh20l-graalvm17-ce-22.3.0/lib/server/classes.jsa
800bc8000-800c00000 ---p 00000000 00:00 0 
800c00000-800c20000 rw-p 00000000 00:00 0 
800c20000-800c40000 rw-p 00000000 00:00 0 
800c40000-800cc0000 rw-p 00000000 00:00 0 
800cc0000-800d00000 rw-p 00000000 00:00 0 
800d00000-800dc0000 rw-p 00000000 00:00 0 
800dc0000-800e00000 rw-p 00000000 00:00 0 
800e00000-800f40000 rw-p 00000000 00:00 0 
800f40000-800fc0000 rw-p 00000000 00:00 0 
800fc0000-800ff0000 rw-p 00000000 00:00 0 
800ff0000-801000000 ---p 00000000 00:00 0 
801000000-8011a0000 rw-p 00000000 00:00 0 
8011a0000-840c00000 ---p 00000000 00:00 0 
561b612d1000-561b612d2000 r-xp 00000000 00:bcd 9223372037526805748       /nix/store/gpxl5qgg8kicmcvivwmybwjlpf7wh20l-graalvm17-ce-22.3.0/bin/.java-wrapped
561b612d3000-561b612d4000 r--p 00001000 00:bcd 9223372037526805748       /nix/store/gpxl5qgg8kicmcvivwmybwjlpf7wh20l-graalvm17-ce-22.3.0/bin/.java-wrapped
561b612d4000-561b612d5000 rw-p 00002000 00:bcd 9223372037526805748       /nix/store/gpxl5qgg8kicmcvivwmybwjlpf7wh20l-graalvm17-ce-22.3.0/bin/.java-wrapped
561b612d5000-561b612d6000 rw-p 00004000 00:bcd 9223372037526805748       /nix/store/gpxl5qgg8kicmcvivwmybwjlpf7wh20l-graalvm17-ce-22.3.0/bin/.java-wrapped
561b612d6000-561b612d7000 rw-p 00005000 00:bcd 9223372037526805748       /nix/store/gpxl5qgg8kicmcvivwmybwjlpf7wh20l-graalvm17-ce-22.3.0/bin/.java-wrapped
561b6135e000-561b613a6000 rw-p 00000000 00:00 0                          [heap]
7f29c4000000-7f29c405a000 rw-p 00000000 00:00 0 
7f29c405a000-7f29c8000000 ---p 00000000 00:00 0 
7f29cae00000-7f29caf00000 ---p 00000000 00:00 0 
7f29caf00000-7f29cb4af000 r--p 01122000 00:bcd 9223372037562577944       /nix/store/gpxl5qgg8kicmcvivwmybwjlpf7wh20l-graalvm17-ce-22.3.0/lib/libjvmcicompiler.so
7f29cb4af000-7f29cb600000 r--p 00000000 00:00 0 
7f29cb600000-7f29cb63d000 rw-p 00000000 00:00 0 
7f29cb63d000-7f29cbb5d000 rw-p 0185f000 00:bcd 9223372037562577944       /nix/store/gpxl5qgg8kicmcvivwmybwjlpf7wh20l-graalvm17-ce-22.3.0/lib/libjvmcicompiler.so
7f29cbb5d000-7f29cbf44000 r--p 01d7f000 00:bcd 9223372037562577944       /nix/store/gpxl5qgg8kicmcvivwmybwjlpf7wh20l-graalvm17-ce-22.3.0/lib/libjvmcicompiler.so
7f29cc000000-7f29cc021000 rw-p 00000000 00:00 0 
7f29cc021000-7f29d0000000 ---p 00000000 00:00 0 
7f29d0c00000-7f29d0f80000 rw-p 00000000 00:00 0 
7f29d0f80000-7f29d0fc0000 rw-p 00000000 00:00 0 
7f29d0fc0000-7f29d1000000 ---p 00000000 00:00 0 
7f29d1000000-7f29d13f0000 rw-p 00000000 00:00 0 
7f29d13f0000-7f29d1400000 ---p 00000000 00:00 0 
7f29d14b3000-7f29db000000 r--s 00000000 00:bcd 9223372037562580485       /nix/store/gpxl5qgg8kicmcvivwmybwjlpf7wh20l-graalvm17-ce-22.3.0/lib/modules
7f29db000000-7f29db100000 rw-p 00000000 00:00 0 
7f29db100000-7f29db200000 rw-p 00000000 00:00 0 
7f29db200000-7f29db800000 rw-p 00000000 00:00 0 
7f29db800000-7f29db8c0000 rw-p 00000000 00:00 0 
7f29db8c0000-7f29db900000 rw-p 00000000 00:00 0 
7f29db900000-7f29dbb00000 rw-p 00000000 00:00 0 
7f29dbb00000-7f29dbd00000 rw-p 00000000 00:00 0 
7f29dbd00000-7f29dbe00000 rw-p 00000000 00:00 0 
7f29dbe00000-7f29dc000000 rw-p 00000000 00:00 0 
7f29dc000000-7f29dc0f1000 rw-p 00000000 00:00 0 
7f29dc0f1000-7f29e0000000 ---p 00000000 00:00 0 
7f29e0000000-7f29e002a000 rw-p 00000000 00:00 0 
7f29e002a000-7f29e4000000 ---p 00000000 00:00 0 
7f29e4000000-7f29e40f3000 rw-p 00000000 00:00 0 
7f29e40f3000-7f29e8000000 ---p 00000000 00:00 0 
7f29e8000000-7f29e819b000 rw-p 00000000 00:00 0 
7f29e819b000-7f29ec000000 ---p 00000000 00:00 0 
7f29ec000000-7f29ec021000 rw-p 00000000 00:00 0 
7f29ec021000-7f29f0000000 ---p 00000000 00:00 0 
7f29f0000000-7f29f0021000 rw-p 00000000 00:00 0 
7f29f0021000-7f29f4000000 ---p 00000000 00:00 0 
7f29f4000000-7f29f402e000 rw-p 00000000 00:00 0 
7f29f402e000-7f29f8000000 ---p 00000000 00:00 0 
7f29f8000000-7f29f808a000 rw-p 00000000 00:00 0 
7f29f808a000-7f29fc000000 ---p 00000000 00:00 0 
7f29fc000000-7f29fc021000 rw-p 00000000 00:00 0 
7f29fc021000-7f2a00000000 ---p 00000000 00:00 0 
7f2a00000000-7f2a00381000 rw-p 00000000 00:00 0 
7f2a00381000-7f2a04000000 ---p 00000000 00:00 0 
7f2a04000000-7f2a04021000 rw-p 00000000 00:00 0 
7f2a04021000-7f2a08000000 ---p 00000000 00:00 0 
7f2a08000000-7f2a081b2000 rw-p 00000000 00:00 0 
7f2a081b2000-7f2a0c000000 ---p 00000000 00:00 0 
7f2a0c000000-7f2a0c8da000 rw-p 00000000 00:00 0 
7f2a0c8da000-7f2a10000000 ---p 00000000 00:00 0 
7f2a10000000-7f2a10025000 rw-p 00000000 00:00 0 
7f2a10025000-7f2a14000000 ---p 00000000 00:00 0 
7f2a14000000-7f2a14021000 rw-p 00000000 00:00 0 
7f2a14021000-7f2a18000000 ---p 00000000 00:00 0 
7f2a18000000-7f2a18021000 rw-p 00000000 00:00 0 
7f2a18021000-7f2a1c000000 ---p 00000000 00:00 0 
7f2a1c000000-7f2a1c021000 rw-p 00000000 00:00 0 
7f2a1c021000-7f2a20000000 ---p 00000000 00:00 0 
7f2a20000000-7f2a20100000 rw-p 00000000 00:00 0 
7f2a20100000-7f2a20200000 rw-p 00000000 00:00 0 
7f2a20200000-7f2a20780000 rw-p 00000000 00:00 0 
7f2a20780000-7f2a20800000 rw-p 00000000 00:00 0 
7f2a20c00000-7f2a20d00000 rw-p 00000000 00:00 0 
7f2a20d00000-7f2a20e00000 rw-p 00000000 00:00 0 
7f2a20e00000-7f2a21100000 rw-p 00000000 00:00 0 
7f2a21100000-7f2a21200000 rw-p 00000000 00:00 0 
7f2a21200000-7f2a21400000 rw-p 00000000 00:00 0 
7f2a21600000-7f2a21610000 r-xp 00000000 00:bad 352                       /home/runner/.cache/jdt-language-server/config/org.eclipse.equinox.launcher/org.eclipse.equinox.launcher.gtk.linux.x86_64_1.2.400.v20211117-0650/eclipse_11600.so
7f2a21610000-7f2a2180f000 ---p 00010000 00:bad 352                       /home/runner/.cache/jdt-language-server/config/org.eclipse.equinox.launcher/org.eclipse.equinox.launcher.gtk.linux.x86_64_1.2.400.v20211117-0650/eclipse_11600.so
7f2a2180f000-7f2a21810000 r--p 0000f000 00:bad 352                       /home/runner/.cache/jdt-language-server/config/org.eclipse.equinox.launcher/org.eclipse.equinox.launcher.gtk.linux.x86_64_1.2.400.v20211117-0650/eclipse_11600.so
7f2a21810000-7f2a21811000 rw-p 00010000 00:bad 352                       /home/runner/.cache/jdt-language-server/config/org.eclipse.equinox.launcher/org.eclipse.equinox.launcher.gtk.linux.x86_64_1.2.400.v20211117-0650/eclipse_11600.so
7f2a22700000-7f2a22704000 ---p 00000000 00:00 0 
7f2a22704000-7f2a22800000 rw-p 00000000 00:00 0 
7f2a22900000-7f2a22904000 ---p 00000000 00:00 0 
7f2a22904000-7f2a22a00000 rw-p 00000000 00:00 0 
7f2a22b00000-7f2a22b04000 ---p 00000000 00:00 0 
7f2a22b04000-7f2a22c00000 rw-p 00000000 00:00 0 
7f2a22d00000-7f2a22d04000 ---p 00000000 00:00 0 
7f2a22d04000-7f2a22e00000 rw-p 00000000 00:00 0 
7f2a22f00000-7f2a22f04000 ---p 00000000 00:00 0 
7f2a22f04000-7f2a23000000 rw-p 00000000 00:00 0 
7f2a23100000-7f2a23104000 ---p 00000000 00:00 0 
7f2a23104000-7f2a23200000 rw-p 00000000 00:00 0 
7f2a23300000-7f2a23304000 ---p 00000000 00:00 0 
7f2a23304000-7f2a23400000 rw-p 00000000 00:00 0 
7f2a23500000-7f2a23504000 ---p 00000000 00:00 0 
7f2a23504000-7f2a23600000 rw-p 00000000 00:00 0 
7f2a23700000-7f2a23704000 ---p 00000000 00:00 0 
7f2a23704000-7f2a23800000 rw-p 00000000 00:00 0 
7f2a23900000-7f2a23904000 ---p 00000000 00:00 0 
7f2a23904000-7f2a23a00000 rw-p 00000000 00:00 0 
7f2a23b00000-7f2a23b04000 ---p 00000000 00:00 0 
7f2a23b04000-7f2a23c00000 rw-p 00000000 00:00 0 
7f2a23d00000-7f2a23d04000 ---p 00000000 00:00 0 
7f2a23d04000-7f2a23e00000 rw-p 00000000 00:00 0 
7f2a23f00000-7f2a23f04000 ---p 00000000 00:00 0 
7f2a23f04000-7f2a24000000 rw-p 00000000 00:00 0 
7f2a24100000-7f2a24104000 ---p 00000000 00:00 0 
7f2a24104000-7f2a24200000 rw-p 00000000 00:00 0 
7f2a24300000-7f2a24304000 ---p 00000000 00:00 0 
7f2a24304000-7f2a24400000 rw-p 00000000 00:00 0 
7f2a24500000-7f2a24504000 ---p 00000000 00:00 0 
7f2a24504000-7f2a24600000 rw-p 00000000 00:00 0 
7f2a24700000-7f2a24704000 ---p 00000000 00:00 0 
7f2a24704000-7f2a24800000 rw-p 00000000 00:00 0 
7f2a24900000-7f2a24904000 ---p 00000000 00:00 0 
7f2a24904000-7f2a24a00000 rw-p 00000000 00:00 0 
7f2a257a9000-7f2a25b00000 rw-p 00000000 00:00 0 
7f2a25c00000-7f2a27d6a000 r-xp 00000000 00:bcd 9223372037562577944       /nix/store/gpxl5qgg8kicmcvivwmybwjlpf7wh20l-graalvm17-ce-22.3.0/lib/libjvmcicompiler.so
7f2a27d6a000-7f2a27f69000 ---p 0216a000 00:bcd 9223372037562577944       /nix/store/gpxl5qgg8kicmcvivwmybwjlpf7wh20l-graalvm17-ce-22.3.0/lib/libjvmcicompiler.so
7f2a27f69000-7f2a27f6a000 r--p 02169000 00:bcd 9223372037562577944       /nix/store/gpxl5qgg8kicmcvivwmybwjlpf7wh20l-graalvm17-ce-22.3.0/lib/libjvmcicompiler.so
7f2a27f6a000-7f2a27f6c000 rw-p 0216a000 00:bcd 9223372037562577944       /nix/store/gpxl5qgg8kicmcvivwmybwjlpf7wh20l-graalvm17-ce-22.3.0/lib/libjvmcicompiler.so
7f2a27f6c000-7f2a27f6d000 rw-p 00000000 00:00 0 
7f2a27f6d000-7f2a27f72000 rw-p 023c3000 00:bcd 9223372037562577944       /nix/store/gpxl5qgg8kicmcvivwmybwjlpf7wh20l-graalvm17-ce-22.3.0/lib/libjvmcicompiler.so
7f2a28000000-7f2a28021000 rw-p 00000000 00:00 0 
7f2a28021000-7f2a2c000000 ---p 00000000 00:00 0 
7f2a2c000000-7f2a2c021000 rw-p 00000000 00:00 0 
7f2a2c021000-7f2a30000000 ---p 00000000 00:00 0 
7f2a30000000-7f2a30021000 rw-p 00000000 00:00 0 
7f2a30021000-7f2a34000000 ---p 00000000 00:00 0 
7f2a34000000-7f2a34021000 rw-p 00000000 00:00 0 
7f2a34021000-7f2a38000000 ---p 00000000 00:00 0 
7f2a38000000-7f2a380d5000 rw-p 00000000 00:00 0 
7f2a380d5000-7f2a3c000000 ---p 00000000 00:00 0 
7f2a3c000000-7f2a3cadf000 rw-p 00000000 00:00 0 
7f2a3cadf000-7f2a40000000 ---p 00000000 00:00 0 
7f2a40000000-7f2a40021000 rw-p 00000000 00:00 0 
7f2a40021000-7f2a44000000 ---p 00000000 00:00 0 
7f2a44000000-7f2a44021000 rw-p 00000000 00:00 0 
7f2a44021000-7f2a48000000 ---p 00000000 00:00 0 
7f2a48000000-7f2a48021000 rw-p 00000000 00:00 0 
7f2a48021000-7f2a4c000000 ---p 00000000 00:00 0 
7f2a4c000000-7f2a4c021000 rw-p 00000000 00:00 0 
7f2a4c021000-7f2a50000000 ---p 00000000 00:00 0 
7f2a50000000-7f2a50021000 rw-p 00000000 00:00 0 
7f2a50021000-7f2a54000000 ---p 00000000 00:00 0 
7f2a54000000-7f2a54021000 rw-p 00000000 00:00 0 
7f2a54021000-7f2a58000000 ---p 00000000 00:00 0 
7f2a58000000-7f2a58101000 rw-p 00000000 00:00 0 
7f2a58101000-7f2a5c000000 ---p 00000000 00:00 0 
7f2a5c09d000-7f2a5c1de000 rw-p 00000000 00:00 0 
7f2a5c1de000-7f2a5c1e2000 ---p 00000000 00:00 0 
7f2a5c1e2000-7f2a5c200000 rw-p 00000000 00:00 0 
7f2a5c305000-7f2a5c307000 r-xp 00000000 00:bcd 9223372037562577921       /nix/store/gpxl5qgg8kicmcvivwmybwjlpf7wh20l-graalvm17-ce-22.3.0/lib/libextnet.so
7f2a5c307000-7f2a5c308000 r--p 00001000 00:bcd 9223372037562577921       /nix/store/gpxl5qgg8kicmcvivwmybwjlpf7wh20l-graalvm17-ce-22.3.0/lib/libextnet.so
7f2a5c308000-7f2a5c309000 rw-p 00002000 00:bcd 9223372037562577921       /nix/store/gpxl5qgg8kicmcvivwmybwjlpf7wh20l-graalvm17-ce-22.3.0/lib/libextnet.so
7f2a5c309000-7f2a5c30a000 rw-p 00004000 00:bcd 9223372037562577921       /nix/store/gpxl5qgg8kicmcvivwmybwjlpf7wh20l-graalvm17-ce-22.3.0/lib/libextnet.so
7f2a5c30a000-7f2a5c311000 r-xp 00000000 00:bcd 9223372037562580484       /nix/store/gpxl5qgg8kicmcvivwmybwjlpf7wh20l-graalvm17-ce-22.3.0/lib/libzip.so
7f2a5c311000-7f2a5c312000 ---p 00007000 00:bcd 9223372037562580484       /nix/store/gpxl5qgg8kicmcvivwmybwjlpf7wh20l-graalvm17-ce-22.3.0/lib/libzip.so
7f2a5c312000-7f2a5c313000 r--p 00007000 00:bcd 9223372037562580484       /nix/store/gpxl5qgg8kicmcvivwmybwjlpf7wh20l-graalvm17-ce-22.3.0/lib/libzip.so
7f2a5c313000-7f2a5c314000 rw-p 00008000 00:bcd 9223372037562580484       /nix/store/gpxl5qgg8kicmcvivwmybwjlpf7wh20l-graalvm17-ce-22.3.0/lib/libzip.so
7f2a5c314000-7f2a5c316000 rw-p 0000b000 00:bcd 9223372037562580484       /nix/store/gpxl5qgg8kicmcvivwmybwjlpf7wh20l-graalvm17-ce-22.3.0/lib/libzip.so
7f2a5c316000-7f2a5c317000 ---p 00000000 00:00 0 
7f2a5c317000-7f2a5c418000 rw-p 00000000 00:00 0 
7f2a5c418000-7f2a5c41c000 ---p 00000000 00:00 0 
7f2a5c41c000-7f2a5c518000 rw-p 00000000 00:00 0 
7f2a5c518000-7f2a5c51c000 ---p 00000000 00:00 0 
7f2a5c51c000-7f2a5c618000 rw-p 00000000 00:00 0 
7f2a5c618000-7f2a5c61c000 ---p 00000000 00:00 0 
7f2a5c61c000-7f2a5c718000 rw-p 00000000 00:00 0 
7f2a5c718000-7f2a5c71c000 ---p 00000000 00:00 0 
7f2a5c71c000-7f2a5c918000 rw-p 00000000 00:00 0 
7f2a5c918000-7f2a5c91c000 ---p 00000000 00:00 0 
7f2a5c91c000-7f2a5cb18000 rw-p 00000000 00:00 0 
7f2a5cb18000-7f2a5cb1c000 ---p 00000000 00:00 0 
7f2a5cb1c000-7f2a5cc18000 rw-p 00000000 00:00 0 
7f2a5cc18000-7f2a5cc1c000 ---p 00000000 00:00 0 
7f2a5cc1c000-7f2a5cd18000 rw-p 00000000 00:00 0 
7f2a5cd18000-7f2a5cd1c000 ---p 00000000 00:00 0 
7f2a5cd1c000-7f2a5ce18000 rw-p 00000000 00:00 0 
7f2a5ce18000-7f2a5d0fe000 r--p 00000000 00:a29 28444448                  /usr/lib/locale/locale-archive
7f2a5d0fe000-7f2a5d102000 ---p 00000000 00:00 0 
7f2a5d102000-7f2a5d1fe000 rw-p 00000000 00:00 0 
7f2a5d1fe000-7f2a5d202000 ---p 00000000 00:00 0 
7f2a5d202000-7f2a5d2fe000 rw-p 00000000 00:00 0 
7f2a5d2fe000-7f2a5d2ff000 ---p 00000000 00:00 0 
7f2a5d2ff000-7f2a5d800000 rw-p 00000000 00:00 0 
7f2a5d800000-7f2a5db00000 rw-p 00000000 00:00 0 
7f2a5db00000-7f2a5dc00000 rw-p 00000000 00:00 0 
7f2a5dc01000-7f2a5dccf000 r-xp 00000000 00:bcd 9223372037562577940       /nix/store/gpxl5qgg8kicmcvivwmybwjlpf7wh20l-graalvm17-ce-22.3.0/lib/libjsvml.so
7f2a5dccf000-7f2a5dcd0000 r--p 000cd000 00:bcd 9223372037562577940       /nix/store/gpxl5qgg8kicmcvivwmybwjlpf7wh20l-graalvm17-ce-22.3.0/lib/libjsvml.so
7f2a5dcd0000-7f2a5dcd1000 rw-p 000ce000 00:bcd 9223372037562577940       /nix/store/gpxl5qgg8kicmcvivwmybwjlpf7wh20l-graalvm17-ce-22.3.0/lib/libjsvml.so
7f2a5dcd1000-7f2a5f4b3000 rw-p 00000000 00:00 0 
7f2a5f4b3000-7f2a5f723000 rwxp 00000000 00:00 0 
7f2a5f723000-7f2a5fa42000 ---p 00000000 00:00 0 
7f2a5fa42000-7f2a60782000 rwxp 00000000 00:00 0 
7f2a60782000-7f2a66f7a000 ---p 00000000 00:00 0 
7f2a66f7a000-7f2a671ea000 rwxp 00000000 00:00 0 
7f2a671ea000-7f2a6e4b3000 ---p 00000000 00:00 0 
7f2a6e4b3000-7f2a78000000 r--s 00000000 00:bcd 9223372037562580485       /nix/store/gpxl5qgg8kicmcvivwmybwjlpf7wh20l-graalvm17-ce-22.3.0/lib/modules
7f2a78000000-7f2a7861b000 rw-p 00000000 00:00 0 
7f2a7861b000-7f2a7c000000 ---p 00000000 00:00 0 
7f2a7c001000-7f2a7c016000 r-xp 00000000 00:bcd 9223372037562580474       /nix/store/gpxl5qgg8kicmcvivwmybwjlpf7wh20l-graalvm17-ce-22.3.0/lib/libnet.so
7f2a7c016000-7f2a7c017000 ---p 00015000 00:bcd 9223372037562580474       /nix/store/gpxl5qgg8kicmcvivwmybwjlpf7wh20l-graalvm17-ce-22.3.0/lib/libnet.so
7f2a7c017000-7f2a7c018000 r--p 00015000 00:bcd 9223372037562580474       /nix/store/gpxl5qgg8kicmcvivwmybwjlpf7wh20l-graalvm17-ce-22.3.0/lib/libnet.so
7f2a7c018000-7f2a7c019000 rw-p 00016000 00:bcd 9223372037562580474       /nix/store/gpxl5qgg8kicmcvivwmybwjlpf7wh20l-graalvm17-ce-22.3.0/lib/libnet.so
7f2a7c019000-7f2a7c01c000 rw-p 0001b000 00:bcd 9223372037562580474       /nix/store/gpxl5qgg8kicmcvivwmybwjlpf7wh20l-graalvm17-ce-22.3.0/lib/libnet.so
7f2a7c01c000-7f2a7c02f000 r-xp 00000000 00:bcd 9223372037562580475       /nix/store/gpxl5qgg8kicmcvivwmybwjlpf7wh20l-graalvm17-ce-22.3.0/lib/libnio.so
7f2a7c02f000-7f2a7c030000 r--p 00012000 00:bcd 9223372037562580475       /nix/store/gpxl5qgg8kicmcvivwmybwjlpf7wh20l-graalvm17-ce-22.3.0/lib/libnio.so
7f2a7c030000-7f2a7c031000 rw-p 00013000 00:bcd 9223372037562580475       /nix/store/gpxl5qgg8kicmcvivwmybwjlpf7wh20l-graalvm17-ce-22.3.0/lib/libnio.so
7f2a7c031000-7f2a7c036000 rw-p 00019000 00:bcd 9223372037562580475       /nix/store/gpxl5qgg8kicmcvivwmybwjlpf7wh20l-graalvm17-ce-22.3.0/lib/libnio.so
7f2a7c036000-7f2a7c12c000 rw-p 00000000 00:00 0 
7f2a7c12c000-7f2a7c12d000 ---p 00000000 00:00 0 
7f2a7c12d000-7f2a7c2d8000 rw-p 00000000 00:00 0 
7f2a7c2d8000-7f2a7c300000 rw-p 00000000 00:00 0 
7f2a7c300000-7f2a7c32e000 ---p 00000000 00:00 0 
7f2a7c32e000-7f2a7c334000 rw-p 00000000 00:00 0 
7f2a7c334000-7f2a7c41a000 ---p 00000000 00:00 0 
7f2a7c41a000-7f2a7c435000 rw-p 00000000 00:00 0 
7f2a7c435000-7f2a7c505000 ---p 00000000 00:00 0 
7f2a7c505000-7f2a7c50a000 rw-p 00000000 00:00 0 
7f2a7c50a000-7f2a7c511000 ---p 00000000 00:00 0 
7f2a7c511000-7f2a7c535000 r-xp 00000000 00:bcd 9223372037562577932       /nix/store/gpxl5qgg8kicmcvivwmybwjlpf7wh20l-graalvm17-ce-22.3.0/lib/libjava.so
7f2a7c535000-7f2a7c536000 ---p 00024000 00:bcd 9223372037562577932       /nix/store/gpxl5qgg8kicmcvivwmybwjlpf7wh20l-graalvm17-ce-22.3.0/lib/libjava.so
7f2a7c536000-7f2a7c537000 r--p 00024000 00:bcd 9223372037562577932       /nix/store/gpxl5qgg8kicmcvivwmybwjlpf7wh20l-graalvm17-ce-22.3.0/lib/libjava.so
7f2a7c537000-7f2a7c538000 rw-p 00025000 00:bcd 9223372037562577932       /nix/store/gpxl5qgg8kicmcvivwmybwjlpf7wh20l-graalvm17-ce-22.3.0/lib/libjava.so
7f2a7c538000-7f2a7c539000 rw-p 00000000 00:00 0 
7f2a7c539000-7f2a7c540000 rw-p 0002f000 00:bcd 9223372037562577932       /nix/store/gpxl5qgg8kicmcvivwmybwjlpf7wh20l-graalvm17-ce-22.3.0/lib/libjava.so
7f2a7c540000-7f2a7c548000 rw-s 00000000 00:1ae 347                       /tmp/hsperfdata_runner/27
7f2a7c548000-7f2a7c549000 ---p 00000000 00:00 0 
7f2a7c549000-7f2a7c54a000 r--p 00000000 00:00 0 
7f2a7c54a000-7f2a7c54b000 rwxp 00000000 00:00 0 
7f2a7c54b000-7f2a7c566000 r-xp 00000000 00:bcd 9223372037562577936       /nix/store/gpxl5qgg8kicmcvivwmybwjlpf7wh20l-graalvm17-ce-22.3.0/lib/libjimage.so
7f2a7c566000-7f2a7c567000 ---p 0001b000 00:bcd 9223372037562577936       /nix/store/gpxl5qgg8kicmcvivwmybwjlpf7wh20l-graalvm17-ce-22.3.0/lib/libjimage.so
7f2a7c567000-7f2a7c569000 r--p 0001b000 00:bcd 9223372037562577936       /nix/store/gpxl5qgg8kicmcvivwmybwjlpf7wh20l-graalvm17-ce-22.3.0/lib/libjimage.so
7f2a7c569000-7f2a7c56a000 rw-p 0001d000 00:bcd 9223372037562577936       /nix/store/gpxl5qgg8kicmcvivwmybwjlpf7wh20l-graalvm17-ce-22.3.0/lib/libjimage.so
7f2a7c56a000-7f2a7c56b000 rw-p 00024000 00:bcd 9223372037562577936       /nix/store/gpxl5qgg8kicmcvivwmybwjlpf7wh20l-graalvm17-ce-22.3.0/lib/libjimage.so
7f2a7c56b000-7f2a7c56f000 ---p 00000000 00:00 0 
7f2a7c56f000-7f2a7c66b000 rw-p 00000000 00:00 0 
7f2a7c66b000-7f2a7c679000 r--p 00000000 00:bcd 9223372037455367831       /nix/store/4nlgxhb09sdr51nc9hdm8az5b08vzkgx-glibc-2.35-163/lib/libm.so.6
7f2a7c679000-7f2a7c6ec000 r-xp 0000e000 00:bcd 9223372037455367831       /nix/store/4nlgxhb09sdr51nc9hdm8az5b08vzkgx-glibc-2.35-163/lib/libm.so.6
7f2a7c6ec000-7f2a7c749000 r--p 00081000 00:bcd 9223372037455367831       /nix/store/4nlgxhb09sdr51nc9hdm8az5b08vzkgx-glibc-2.35-163/lib/libm.so.6
7f2a7c749000-7f2a7c74a000 r--p 000dd000 00:bcd 9223372037455367831       /nix/store/4nlgxhb09sdr51nc9hdm8az5b08vzkgx-glibc-2.35-163/lib/libm.so.6
7f2a7c74a000-7f2a7c74b000 rw-p 000de000 00:bcd 9223372037455367831       /nix/store/4nlgxhb09sdr51nc9hdm8az5b08vzkgx-glibc-2.35-163/lib/libm.so.6
7f2a7c74b000-7f2a7c74c000 r--p 00000000 00:bcd 9223372037455367850       /nix/store/4nlgxhb09sdr51nc9hdm8az5b08vzkgx-glibc-2.35-163/lib/librt.so.1
7f2a7c74c000-7f2a7c74d000 r-xp 00001000 00:bcd 9223372037455367850       /nix/store/4nlgxhb09sdr51nc9hdm8az5b08vzkgx-glibc-2.35-163/lib/librt.so.1
7f2a7c74d000-7f2a7c74e000 r--p 00002000 00:bcd 9223372037455367850       /nix/store/4nlgxhb09sdr51nc9hdm8az5b08vzkgx-glibc-2.35-163/lib/librt.so.1
7f2a7c74e000-7f2a7c74f000 r--p 00002000 00:bcd 9223372037455367850       /nix/store/4nlgxhb09sdr51nc9hdm8az5b08vzkgx-glibc-2.35-163/lib/librt.so.1
7f2a7c74f000-7f2a7c750000 rw-p 00003000 00:bcd 9223372037455367850       /nix/store/4nlgxhb09sdr51nc9hdm8az5b08vzkgx-glibc-2.35-163/lib/librt.so.1
7f2a7c750000-7f2a7d863000 r-xp 00000000 00:bcd 9223372037562748770       /nix/store/gpxl5qgg8kicmcvivwmybwjlpf7wh20l-graalvm17-ce-22.3.0/lib/server/libjvm.so
7f2a7d863000-7f2a7d864000 ---p 01113000 00:bcd 9223372037562748770       /nix/store/gpxl5qgg8kicmcvivwmybwjlpf7wh20l-graalvm17-ce-22.3.0/lib/server/libjvm.so
7f2a7d864000-7f2a7d919000 r--p 01113000 00:bcd 9223372037562748770       /nix/store/gpxl5qgg8kicmcvivwmybwjlpf7wh20l-graalvm17-ce-22.3.0/lib/server/libjvm.so
7f2a7d919000-7f2a7d94d000 rw-p 011c8000 00:bcd 9223372037562748770       /nix/store/gpxl5qgg8kicmcvivwmybwjlpf7wh20l-graalvm17-ce-22.3.0/lib/server/libjvm.so
7f2a7d94d000-7f2a7d9a9000 rw-p 00000000 00:00 0 
7f2a7d9a9000-7f2a7d9d1000 r--p 00000000 00:bcd 9223372037455367822       /nix/store/4nlgxhb09sdr51nc9hdm8az5b08vzkgx-glibc-2.35-163/lib/libc.so.6
7f2a7d9d1000-7f2a7db47000 r-xp 00028000 00:bcd 9223372037455367822       /nix/store/4nlgxhb09sdr51nc9hdm8az5b08vzkgx-glibc-2.35-163/lib/libc.so.6
7f2a7db47000-7f2a7db9f000 r--p 0019e000 00:bcd 9223372037455367822       /nix/store/4nlgxhb09sdr51nc9hdm8az5b08vzkgx-glibc-2.35-163/lib/libc.so.6
7f2a7db9f000-7f2a7dba3000 r--p 001f6000 00:bcd 9223372037455367822       /nix/store/4nlgxhb09sdr51nc9hdm8az5b08vzkgx-glibc-2.35-163/lib/libc.so.6
7f2a7dba3000-7f2a7dba5000 rw-p 001fa000 00:bcd 9223372037455367822       /nix/store/4nlgxhb09sdr51nc9hdm8az5b08vzkgx-glibc-2.35-163/lib/libc.so.6
7f2a7dba5000-7f2a7dbb4000 rw-p 00000000 00:00 0 
7f2a7dbb4000-7f2a7dbb5000 r--p 00000000 00:bcd 9223372037455367827       /nix/store/4nlgxhb09sdr51nc9hdm8az5b08vzkgx-glibc-2.35-163/lib/libdl.so.2
7f2a7dbb5000-7f2a7dbb6000 r-xp 00001000 00:bcd 9223372037455367827       /nix/store/4nlgxhb09sdr51nc9hdm8az5b08vzkgx-glibc-2.35-163/lib/libdl.so.2
7f2a7dbb6000-7f2a7dbb7000 r--p 00002000 00:bcd 9223372037455367827       /nix/store/4nlgxhb09sdr51nc9hdm8az5b08vzkgx-glibc-2.35-163/lib/libdl.so.2
7f2a7dbb7000-7f2a7dbb8000 r--p 00002000 00:bcd 9223372037455367827       /nix/store/4nlgxhb09sdr51nc9hdm8az5b08vzkgx-glibc-2.35-163/lib/libdl.so.2
7f2a7dbb8000-7f2a7dbb9000 rw-p 00003000 00:bcd 9223372037455367827       /nix/store/4nlgxhb09sdr51nc9hdm8az5b08vzkgx-glibc-2.35-163/lib/libdl.so.2
7f2a7dbb9000-7f2a7dbba000 r--p 00000000 00:bcd 9223372037455367846       /nix/store/4nlgxhb09sdr51nc9hdm8az5b08vzkgx-glibc-2.35-163/lib/libpthread.so.0
7f2a7dbba000-7f2a7dbbb000 r-xp 00001000 00:bcd 9223372037455367846       /nix/store/4nlgxhb09sdr51nc9hdm8az5b08vzkgx-glibc-2.35-163/lib/libpthread.so.0
7f2a7dbbb000-7f2a7dbbc000 r--p 00002000 00:bcd 9223372037455367846       /nix/store/4nlgxhb09sdr51nc9hdm8az5b08vzkgx-glibc-2.35-163/lib/libpthread.so.0
7f2a7dbbc000-7f2a7dbbd000 r--p 00002000 00:bcd 9223372037455367846       /nix/store/4nlgxhb09sdr51nc9hdm8az5b08vzkgx-glibc-2.35-163/lib/libpthread.so.0
7f2a7dbbd000-7f2a7dbbe000 rw-p 00003000 00:bcd 9223372037455367846       /nix/store/4nlgxhb09sdr51nc9hdm8az5b08vzkgx-glibc-2.35-163/lib/libpthread.so.0
7f2a7dbbe000-7f2a7dbcc000 r-xp 00000000 00:bcd 9223372037562577937       /nix/store/gpxl5qgg8kicmcvivwmybwjlpf7wh20l-graalvm17-ce-22.3.0/lib/libjli.so
7f2a7dbcc000-7f2a7dbcd000 ---p 0000e000 00:bcd 9223372037562577937       /nix/store/gpxl5qgg8kicmcvivwmybwjlpf7wh20l-graalvm17-ce-22.3.0/lib/libjli.so
7f2a7dbcd000-7f2a7dbce000 r--p 0000e000 00:bcd 9223372037562577937       /nix/store/gpxl5qgg8kicmcvivwmybwjlpf7wh20l-graalvm17-ce-22.3.0/lib/libjli.so
7f2a7dbce000-7f2a7dbcf000 rw-p 0000f000 00:bcd 9223372037562577937       /nix/store/gpxl5qgg8kicmcvivwmybwjlpf7wh20l-graalvm17-ce-22.3.0/lib/libjli.so
7f2a7dbcf000-7f2a7dbd0000 rw-p 00012000 00:bcd 9223372037562577937       /nix/store/gpxl5qgg8kicmcvivwmybwjlpf7wh20l-graalvm17-ce-22.3.0/lib/libjli.so
7f2a7dbd0000-7f2a7dbd3000 r--p 00000000 00:bcd 9223372037533597975       /nix/store/026hln0aq1hyshaxsdvhg0kmcm6yf45r-zlib-1.2.13/lib/libz.so.1.2.13
7f2a7dbd3000-7f2a7dbe5000 r-xp 00003000 00:bcd 9223372037533597975       /nix/store/026hln0aq1hyshaxsdvhg0kmcm6yf45r-zlib-1.2.13/lib/libz.so.1.2.13
7f2a7dbe5000-7f2a7dbec000 r--p 00015000 00:bcd 9223372037533597975       /nix/store/026hln0aq1hyshaxsdvhg0kmcm6yf45r-zlib-1.2.13/lib/libz.so.1.2.13
7f2a7dbec000-7f2a7dbed000 r--p 0001b000 00:bcd 9223372037533597975       /nix/store/026hln0aq1hyshaxsdvhg0kmcm6yf45r-zlib-1.2.13/lib/libz.so.1.2.13
7f2a7dbed000-7f2a7dbee000 rw-p 0001c000 00:bcd 9223372037533597975       /nix/store/026hln0aq1hyshaxsdvhg0kmcm6yf45r-zlib-1.2.13/lib/libz.so.1.2.13
7f2a7dbee000-7f2a7dbf0000 rw-p 00000000 00:00 0 
7f2a7dbf0000-7f2a7dbf2000 r--p 00000000 00:bcd 9223372037455367816       /nix/store/4nlgxhb09sdr51nc9hdm8az5b08vzkgx-glibc-2.35-163/lib/ld-linux-x86-64.so.2
7f2a7dbf2000-7f2a7dc19000 r-xp 00002000 00:bcd 9223372037455367816       /nix/store/4nlgxhb09sdr51nc9hdm8az5b08vzkgx-glibc-2.35-163/lib/ld-linux-x86-64.so.2
7f2a7dc19000-7f2a7dc25000 r--p 00029000 00:bcd 9223372037455367816       /nix/store/4nlgxhb09sdr51nc9hdm8az5b08vzkgx-glibc-2.35-163/lib/ld-linux-x86-64.so.2
7f2a7dc25000-7f2a7dc27000 r--p 00034000 00:bcd 9223372037455367816       /nix/store/4nlgxhb09sdr51nc9hdm8az5b08vzkgx-glibc-2.35-163/lib/ld-linux-x86-64.so.2
7f2a7dc27000-7f2a7dc29000 rw-p 00036000 00:bcd 9223372037455367816       /nix/store/4nlgxhb09sdr51nc9hdm8az5b08vzkgx-glibc-2.35-163/lib/ld-linux-x86-64.so.2
7ffc7373f000-7ffc73763000 rw-p 00000000 00:00 0                          [stack]
7ffc737df000-7ffc737e3000 r--p 00000000 00:00 0                          [vvar]
7ffc737e3000-7ffc737e5000 r-xp 00000000 00:00 0                          [vdso]
ffffffffff600000-ffffffffff601000 --xp 00000000 00:00 0                  [vsyscall]


VM Arguments:
jvm_args: -XX:ThreadPriorityPolicy=1 -XX:+UnlockExperimentalVMOptions -XX:+EnableJVMCIProduct -XX:JVMCIThreadsPerNativeLibraryRuntime=1 -XX:-UnlockExperimentalVMOptions -Declipse.application=org.eclipse.jdt.ls.core.id1 -Dosgi.bundles.defaultStartLevel=4 -Declipse.product=org.eclipse.jdt.ls.core.product -Dlog.level=ALL -Xverify:none -XX:+UseParallelGC -XX:GCTimeRatio=4 -XX:AdaptiveSizePolicyWeight=90 -Dsun.zip.disableMemoryMapping=true -Xmx512m -Xms100m 
java_command: /nix/store/m6gcpi1ii6rghy04cjwjddcavv7i90df-jdt-language-server-1.9.0/share/java/plugins/org.eclipse.equinox.launcher_1.6.400.v20210924-0641.jar --add-modules=ALL-SYSTEM --add-opens java.base/java.util=ALL-UNNAMED --add-opens java.base/java.lang=ALL-UNNAMED -configuration /home/runner/.cache/jdt-language-server/config -data /home/runner/.cache/jdt-language-server/data/home/runner/RelatorioMedico-1
java_class_path (initial): /nix/store/m6gcpi1ii6rghy04cjwjddcavv7i90df-jdt-language-server-1.9.0/share/java/plugins/org.eclipse.equinox.launcher_1.6.400.v20210924-0641.jar
Launcher Type: SUN_STANDARD

[Global flags]
    uintx AdaptiveSizePolicyWeight                 = 90                                        {product} {command line}
     intx CICompilerCount                          = 2                                         {product} {ergonomic}
     bool EnableJVMCIProduct                       = true                                {JVMCI product} {jimage}
    uintx GCTimeRatio                              = 4                                         {product} {command line}
   size_t InitialHeapSize                          = 104857600                                 {product} {command line}
     uint JVMCIThreadsPerNativeLibraryRuntime      = 1                                   {JVMCI product} {jimage}
   size_t MaxHeapSize                              = 536870912                                 {product} {command line}
   size_t MaxNewSize                               = 178782208                                 {product} {ergonomic}
   size_t MinHeapDeltaBytes                        = 524288                                    {product} {ergonomic}
   size_t MinHeapSize                              = 104857600                                 {product} {command line}
   size_t NewSize                                  = 34603008                                  {product} {ergonomic}
    uintx NonNMethodCodeHeapSize                   = 5826188                                {pd product} {ergonomic}
    uintx NonProfiledCodeHeapSize                  = 122916026                              {pd product} {ergonomic}
   size_t OldSize                                  = 70254592                                  {product} {ergonomic}
    uintx ProfiledCodeHeapSize                     = 122916026                              {pd product} {ergonomic}
    uintx ReservedCodeCacheSize                    = 251658240                              {pd product} {ergonomic}
     bool SegmentedCodeCache                       = true                                      {product} {ergonomic}
   size_t SoftMaxHeapSize                          = 536870912                              {manageable} {ergonomic}
     intx ThreadPriorityPolicy                     = 1                                         {product} {jimage}
     bool UseCompressedClassPointers               = true                           {product lp64_product} {ergonomic}
     bool UseCompressedOops                        = true                           {product lp64_product} {ergonomic}
     bool UseParallelGC                            = true                                      {product} {command line}

Logging:
Log output configuration:
 #0: stdout all=warning uptime,level,tags
 #1: stderr all=off uptime,level,tags

Environment Variables:
JAVA_HOME=/nix/store/gpxl5qgg8kicmcvivwmybwjlpf7wh20l-graalvm17-ce-22.3.0
PATH=/nix/store/1d6ian3r8kdzspw8hacjhl3xkp40g1lj-binutils-wrapper-2.39/bin:/nix/store/dq0xwmsk1g0i2ayg6pb7y87na2knzylh-gcc-wrapper-11.3.0/bin:/nix/store/bap4d0lpcrhpwmpb8ayjcgkmvfj62lnq-bash-interactive-5.1-p16/bin:/nix/store/pr5n59mb4jzmfx6kanwxly0l07p861fg-patchelf-0.15.0/bin:/nix/store/1gf2flfqnpqbr1b4p4qz2f72y42bs56r-gcc-11.3.0/bin:/nix/store/57xv61c5zi8pphjbcwxxjlgc34p61ic9-glibc-2.35-163-bin/bin:/nix/store/a7gvj343m05j2s32xcnwr35v31ynlypr-coreutils-9.1/bin:/nix/store/039g378vc3pc3dvi9dzdlrd0i4q93qwf-binutils-2.39/bin:/nix/store/gpxl5qgg8kicmcvivwmybwjlpf7wh20l-graalvm17-ce-22.3.0/bin:/nix/store/6z9ag3ihc8mq2hzsw48lhbznvzny65nz-apache-maven-3.8.6/bin:/nix/store/m6gcpi1ii6rghy04cjwjddcavv7i90df-jdt-language-server-1.9.0/bin:/nix/store/84xs5alhs01zrbr4ywm05kxbjbp5590l-java-debug/bin:/nix/store/mydc6f4k2z73xlcz7ilif3v2lcaiqvza-findutils-4.9.0/bin:/nix/store/j9p3g8472iijd50vhdprx0nmk2fqn5gv-diffutils-3.8/bin:/nix/store/89zs7rms6x00xfq4dq6m7mjnhkr8a6r4-gnused-4.8/bin:/nix/store/86bp03jkmsl6f92w0yzg4s59g5mhxwmy-gnugrep-3.7/bin:/nix/store/hwcdqw4jrjnd37wxqgsd47hd0j8bnj09-gawk-5.1.1/bin:/nix/store/cfbhw8r8ags41vwqaz47r583d0p4h4a1-gnutar-1.34/bin:/nix/store/p3m1ndl1lapwrlh698bnb5lvvxh67378-gzip-1.12/bin:/nix/store/a8mhcagrsly7c7mpjrpsnaahk4aax056-bzip2-1.0.8-bin/bin:/nix/store/mblgz65m3zv9x548a3d5m96fj2pbwr09-gnumake-4.3/bin:/nix/store/dsd5gz46hdbdk2rfdimqddhq6m8m8fqs-bash-5.1-p16/bin:/nix/store/v7ljksji50mg3w61dykaa3n3y79n6nil-patch-2.7.6/bin:/nix/store/zlcnmqq14jz5x9439jf937mvayyl63da-xz-5.2.7-bin/bin:/nix/store/y6aj732zm9m87c82fpvf103a1xb22blp-file-5.43/bin:/nix/store/sgqd0ajghcv2axfl1lad0b1alyavp0dc-prybar-elisp-0.0.0-67f7a00/bin:/nix/store/p3hsvljpgs68jqwar41lc0jqhjj734lf-prybar-lua-0.0.0-67f7a00/bin:/nix/store/qzxs2gybds3s9kb1vkaflpgm2nwr85fh-prybar-python3-0.0.0-67f7a00/bin:/nix/store/km94z9mxp8w4m8gxxp5mbfpdf3nkfvd8-prybar-sqlite-0.0.0-67f7a00/bin:/nix/store/2pnc7b76asw0z59c4l6h6qy8arwqrii1-prybar-tcl-0.0.0-67f7a00/bin:/nix/store/hpbvrlwd5viqmvcaisb3x0118i913a9n-st
LD_LIBRARY_PATH=/nix/store/a4pff549sk2idnkpzk5nsfps3mdkdnvm-cups-2.4.2-lib/lib:/nix/store/72mqxxhh3cy5yifh92wh2yb8cl2hikyy-cairo-1.16.0/lib:/nix/store/2k366jrbsra97gjfxwvrhvixjfxdach5-glib-2.74.1/lib:/nix/store/2j2znigd8ak37rlwh9khz0ry3clqlw1l-gtk+3-3.24.34/lib:/nix/store/hisqvx32cd57apbpcsnkpx6k3549wql1-libglvnd-1.4.0/lib:/nix/store/p36pgcv991mq5srvg765b78yqpxvk3qs-mesa-21.3.3-drivers/lib:/nix/store/mav4251if1ahjq5vkpwycyyvnmy459c4-pulseaudio-14.2/lib
DISPLAY=:0
LANG=en_US.UTF-8

Signal Handlers:
   SIGSEGV: crash_handler in libjvm.so, mask=11100100010111111101111111111110, flags=SA_RESTART|SA_SIGINFO
    SIGBUS: crash_handler in libjvm.so, mask=11100100010111111101111111111110, flags=SA_RESTART|SA_SIGINFO
    SIGFPE: crash_handler in libjvm.so, mask=11100100010111111101111111111110, flags=SA_RESTART|SA_SIGINFO
   SIGPIPE: IsolateEnterStub_IgnoreSIGPIPEStartupHook_noopSignalHandler_8f19bff2f35b5f630d83b364d6b2339320d4ec70_216e8361c6bc87a8f89f58cc10d3b2fd4415bf87 in libjvmcicompiler.so, mask=00000000000000000000000000000000, flags=SA_RESTART
  *** Handler was modified!
  *** Expected: javaSignalHandler in libjvm.so, mask=11100100110111111111111111111110, flags=SA_RESTART|SA_SIGINFO
   SIGXFSZ: javaSignalHandler in libjvm.so, mask=11100100010111111101111111111110, flags=SA_RESTART|SA_SIGINFO
    SIGILL: crash_handler in libjvm.so, mask=11100100010111111101111111111110, flags=SA_RESTART|SA_SIGINFO
   SIGUSR2: SR_handler in libjvm.so, mask=00000000000000000000000000000000, flags=SA_RESTART|SA_SIGINFO
    SIGHUP: UserHandler in libjvm.so, mask=11100100010111111101111111111110, flags=SA_RESTART|SA_SIGINFO
    SIGINT: UserHandler in libjvm.so, mask=11100100010111111101111111111110, flags=SA_RESTART|SA_SIGINFO
   SIGTERM: UserHandler in libjvm.so, mask=11100100010111111101111111111110, flags=SA_RESTART|SA_SIGINFO
   SIGQUIT: UserHandler in libjvm.so, mask=11100100010111111101111111111110, flags=SA_RESTART|SA_SIGINFO
  *** Handler was modified!
  *** Expected: javaSignalHandler in libjvm.so, mask=11100100110111111111111111111110, flags=SA_RESTART|SA_SIGINFO
   SIGTRAP: crash_handler in libjvm.so, mask=11100100010111111101111111111110, flags=SA_RESTART|SA_SIGINFO


---------------  S Y S T E M  ---------------

OS:
DISTRIB_ID=Ubuntu
DISTRIB_RELEASE=20.04
DISTRIB_CODENAME=focal
DISTRIB_DESCRIPTION="Ubuntu 20.04.2 LTS"
uname: Linux 5.15.0-1025-gcp #32~20.04.2-Ubuntu SMP Tue Nov 29 08:31:04 UTC 2022 x86_64
OS uptime: 0 days 5:01 hours
libc: glibc 2.35 NPTL 2.35 
rlimit (soft/hard): STACK 8192k/infinity , CORE infinity/infinity , NPROC infinity/infinity , NOFILE 5242/5242 , AS infinity/infinity , CPU infinity/infinity , DATA infinity/infinity , FSIZE infinity/infinity , MEMLOCK 64k/64k
load average: 13.96 11.86 11.32

/proc/meminfo:
MemTotal:       65852736 kB
MemFree:        25246760 kB
MemAvailable:   48787608 kB
Buffers:         2045744 kB
Cached:         20348648 kB
SwapCached:            0 kB
Active:          7883044 kB
Inactive:       28974204 kB
Active(anon):      15348 kB
Inactive(anon): 14114256 kB
Active(file):    7867696 kB
Inactive(file): 14859948 kB
Unevictable:       43804 kB
Mlocked:           43804 kB
SwapTotal:             0 kB
SwapFree:              0 kB
Dirty:            147948 kB
Writeback:         24360 kB
AnonPages:      13559516 kB
Mapped:          1810380 kB
Shmem:             40020 kB
KReclaimable:    1539808 kB
Slab:            2784404 kB
SReclaimable:    1539808 kB
SUnreclaim:      1244596 kB
KernelStack:      397208 kB
PageTables:       144228 kB
NFS_Unstable:          0 kB
Bounce:                0 kB
WritebackTmp:          0 kB
CommitLimit:    32926368 kB
Committed_AS:   70825860 kB
VmallocTotal:   34359738367 kB
VmallocUsed:      436216 kB
VmallocChunk:          0 kB
Percpu:            69408 kB
HardwareCorrupted:     0 kB
AnonHugePages:    532480 kB
ShmemHugePages:        0 kB
ShmemPmdMapped:        0 kB
FileHugePages:         0 kB
FilePmdMapped:         0 kB
HugePages_Total:       0
HugePages_Free:        0
HugePages_Rsvd:        0
HugePages_Surp:        0
Hugepagesize:       2048 kB
Hugetlb:               0 kB
DirectMap4k:     3971904 kB
DirectMap2M:    50550784 kB
DirectMap1G:    14680064 kB

/sys/kernel/mm/transparent_hugepage/enabled: always [madvise] never
/sys/kernel/mm/transparent_hugepage/defrag (defrag/compaction efforts parameter): always defer defer+madvise [madvise] never

Process Memory:
Virtual Size: 4513880K (peak: 4594492K)
Resident Set Size: 755068K (peak: 790228K) (anon: 561444K, file: 193624K, shmem: 0K)
Swapped out: 0K
C-Heap outstanding allocations: 40397K, retained: 11286K
glibc malloc tunables: (default)

/proc/sys/kernel/threads-max (system-wide limit on the number of threads): 514406
/proc/sys/vm/max_map_count (maximum number of memory map areas a process may have): 65530
/proc/sys/kernel/pid_max (system-wide limit on number of process identifiers): 4194304

container (cgroup) information:
container_type: cgroupv1
cpu_cpuset_cpus: 2-7
cpu_memory_nodes: 0
active_processor_count: 1
cpu_quota: 50000
cpu_period: 100000
cpu_shares: 512
memory_limit_in_bytes: 1048576 k
memory_and_swap_limit_in_bytes: 1048576 k
memory_soft_limit_in_bytes: 524288 k
memory_usage_in_bytes: 595096 k
memory_max_usage_in_bytes: 621800 k
maximum number of tasks: 1000
current number of tasks: 46

KVM virtualization detected
Steal ticks since vm start: 0
Steal ticks percentage since vm start:  0.000

CPU: total 8 (initial active 1) (8 cores per cpu, 2 threads per core) family 23 model 49 stepping 0 microcode 0xffffffff, cx8, cmov, fxsr, ht, mmx, 3dnowpref, sse, sse2, sse3, ssse3, sse4a, sse4.1, sse4.2, popcnt, lzcnt, tsc, tscinvbit, avx, avx2, aes, clmul, bmi1, bmi2, adx, sha, fma, vzeroupper, clflush, clflushopt, hv
CPU Model and flags from /proc/cpuinfo:
model name	: AMD EPYC 7B12
flags		: fpu vme de pse tsc msr pae mce cx8 apic sep mtrr pge mca cmov pat pse36 clflush mmx fxsr sse sse2 ht syscall nx mmxext fxsr_opt pdpe1gb rdtscp lm constant_tsc rep_good nopl nonstop_tsc cpuid extd_apicid tsc_known_freq pni pclmulqdq ssse3 fma cx16 sse4_1 sse4_2 movbe popcnt aes xsave avx f16c rdrand hypervisor lahf_lm cmp_legacy cr8_legacy abm sse4a misalignsse 3dnowprefetch osvw topoext ssbd ibrs ibpb stibp vmmcall fsgsbase tsc_adjust bmi1 avx2 smep bmi2 rdseed adx smap clflushopt clwb sha_ni xsaveopt xsavec xgetbv1 clzero xsaveerptr arat npt nrip_save umip rdpid

Online cpus: 0-7
Offline cpus: 
BIOS frequency limitation: <Not Available>
Frequency switch latency (ns): <Not Available>
Available cpu frequencies: <Not Available>
Current governor: <Not Available>
Core performance/turbo boost: <Not Available>

Memory: 4k page, physical 1048576k(453512k free), swap 0k(0k free)
Page Sizes: 4k

vm_info: OpenJDK 64-Bit Server VM (17.0.5+8-jvmci-22.3-b08) for linux-amd64 JRE (17.0.5+8-jvmci-22.3-b08), built on Oct 19 2022 09:01:27 by "buildslave" with gcc 10.3.0

END.
